<?xml version="1.0" encoding="utf-8"?>
<TestRun id="effaf1ab-2739-4752-a0dd-44975a693b4d" name="@runnervmwffz4 2026-02-21 12:41:00" xmlns="http://microsoft.com/schemas/VisualStudio/TeamTest/2010">
  <Times creation="2026-02-21T12:41:00.6649863+00:00" queuing="2026-02-21T12:41:00.6649863+00:00" start="2026-02-21T12:40:59.9397556+00:00" finish="2026-02-21T12:41:26.1574508+00:00" />
  <TestSettings name="default" id="72e0647e-0d45-4583-8575-170241eff69e">
    <Deployment runDeploymentRoot="_runnervmwffz4_2026-02-21_12_41_00" />
  </TestSettings>
  <Results>
    <UnitTestResult executionId="054d9808-6acd-4da9-af18-a35b146bc8d0" testId="2985b03d-32c5-2727-1ae6-cedf0f3f2e49" testName="DAoCLogWatcher.Tests.Core.CharacterDiscoveryServiceTests.GetCharacterNames_NonIniFiles_AreIgnored" computerName="runnervmwffz4" duration="00:00:00.0006158" startTime="2026-02-21T12:41:00.6416761+00:00" endTime="2026-02-21T12:41:00.6418553+00:00" testType="13cdc9d9-ddb5-4fa4-a97d-d965ccfc6d4b" outcome="Passed" testListId="8c84fa94-04c1-424b-9868-57a2d4851a1d" relativeResultsDirectory="054d9808-6acd-4da9-af18-a35b146bc8d0" />
    <UnitTestResult executionId="68b61cc4-32d3-42e7-a67e-cc2e335c66ae" testId="f52fbea0-89ac-2d64-10ad-23f661a18822" testName="DAoCLogWatcher.Tests.Core.Parsing.RealmPointParserTests.TryParse_InvalidLines_ReturnsFalse(line: &quot;   &quot;)" computerName="runnervmwffz4" duration="00:00:00.0000958" startTime="2026-02-21T12:41:00.6499552+00:00" endTime="2026-02-21T12:41:00.6500044+00:00" testType="13cdc9d9-ddb5-4fa4-a97d-d965ccfc6d4b" outcome="Passed" testListId="8c84fa94-04c1-424b-9868-57a2d4851a1d" relativeResultsDirectory="68b61cc4-32d3-42e7-a67e-cc2e335c66ae" />
    <UnitTestResult executionId="1977f2ea-429d-46e7-8c72-70ded669d914" testId="00b5c8e8-9805-327b-a9ef-0c864410453b" testName="DAoCLogWatcher.Tests.Core.Parsing.RealmPointParserTests.TryParse_MultipleParserInstances_AreIndependent" computerName="runnervmwffz4" duration="00:00:00.0001809" startTime="2026-02-21T12:41:00.6525123+00:00" endTime="2026-02-21T12:41:00.6525620+00:00" testType="13cdc9d9-ddb5-4fa4-a97d-d965ccfc6d4b" outcome="Passed" testListId="8c84fa94-04c1-424b-9868-57a2d4851a1d" relativeResultsDirectory="1977f2ea-429d-46e7-8c72-70ded669d914" />
    <UnitTestResult executionId="2c01157f-3eb1-4a46-8201-627e62680ee2" testId="76d1a8df-f27f-61ce-11aa-abf0c46692e9" testName="DAoCLogWatcher.Tests.Core.CharacterDiscoveryServiceTests.GetCharacterNames_MultipleCharacters_ReturnsSortedAlphabetically" computerName="runnervmwffz4" duration="00:00:00.0069845" startTime="2026-02-21T12:41:00.6426304+00:00" endTime="2026-02-21T12:41:00.6448538+00:00" testType="13cdc9d9-ddb5-4fa4-a97d-d965ccfc6d4b" outcome="Passed" testListId="8c84fa94-04c1-424b-9868-57a2d4851a1d" relativeResultsDirectory="2c01157f-3eb1-4a46-8201-627e62680ee2" />
    <UnitTestResult executionId="2cf1a890-63e1-45ff-94f2-7d629eba23b2" testId="09f9c74d-9a72-a041-85c2-1de361727141" testName="DAoCLogWatcher.Tests.Core.Parsing.RealmPointParserTests.TryParse_RelicCaptureSequence_ParsesCorrectly" computerName="runnervmwffz4" duration="00:00:00.0001906" startTime="2026-02-21T12:41:00.6497603+00:00" endTime="2026-02-21T12:41:00.6498133+00:00" testType="13cdc9d9-ddb5-4fa4-a97d-d965ccfc6d4b" outcome="Passed" testListId="8c84fa94-04c1-424b-9868-57a2d4851a1d" relativeResultsDirectory="2cf1a890-63e1-45ff-94f2-7d629eba23b2" />
    <UnitTestResult executionId="649c2ddd-abc7-421c-aacf-f337e09c7aec" testId="b9b695c4-1e2c-3ee0-90b3-de32efbced6c" testName="DAoCLogWatcher.Tests.Core.Parsing.RealmPointParserTests.TryParse_SiegeCaptureSequence_ParsesCorrectly" computerName="runnervmwffz4" duration="00:00:00.0002395" startTime="2026-02-21T12:41:00.6517387+00:00" endTime="2026-02-21T12:41:00.6518087+00:00" testType="13cdc9d9-ddb5-4fa4-a97d-d965ccfc6d4b" outcome="Passed" testListId="8c84fa94-04c1-424b-9868-57a2d4851a1d" relativeResultsDirectory="649c2ddd-abc7-421c-aacf-f337e09c7aec" />
    <UnitTestResult executionId="352c3182-179e-46ed-855d-524f4fd9df47" testId="504631d4-f9a0-58fd-e40d-ccef612bb18a" testName="DAoCLogWatcher.Tests.Integration.EndToEndTests.FullFlow_WithRealLogSample_ProcessesCorrectly" computerName="runnervmwffz4" duration="00:00:05.0027887" startTime="2026-02-21T12:41:21.0955454+00:00" endTime="2026-02-21T12:41:26.0984310+00:00" testType="13cdc9d9-ddb5-4fa4-a97d-d965ccfc6d4b" outcome="Passed" testListId="8c84fa94-04c1-424b-9868-57a2d4851a1d" relativeResultsDirectory="352c3182-179e-46ed-855d-524f4fd9df47" />
    <UnitTestResult executionId="0dc119f4-5a03-4fca-8cc3-17968675f437" testId="059bd4fe-62d1-3cfc-ddb9-f385b7591663" testName="DAoCLogWatcher.Tests.Core.LogWatcherTests.WatchAsync_IncompleteLines_AreBufferedUntilComplete" computerName="runnervmwffz4" duration="00:00:00.5025103" startTime="2026-02-21T12:41:01.3457083+00:00" endTime="2026-02-21T12:41:01.8484608+00:00" testType="13cdc9d9-ddb5-4fa4-a97d-d965ccfc6d4b" outcome="Passed" testListId="8c84fa94-04c1-424b-9868-57a2d4851a1d" relativeResultsDirectory="0dc119f4-5a03-4fca-8cc3-17968675f437" />
    <UnitTestResult executionId="c32ce85b-ca04-4e65-be73-293434a44ae4" testId="f2ee9765-8974-0aab-c5ba-67f79b1843b4" testName="DAoCLogWatcher.Tests.Core.Parsing.RealmPointParserTests.TryParse_ValidRealmPointLine_ParsesCorrectly(line: &quot;[19:45:12] You get 50 realm points for support act&quot;···, expectedPoints: 50, expectedSource: SupportActivity)" computerName="runnervmwffz4" duration="00:00:00.0003002" startTime="2026-02-21T12:41:00.6478547+00:00" endTime="2026-02-21T12:41:00.6479200+00:00" testType="13cdc9d9-ddb5-4fa4-a97d-d965ccfc6d4b" outcome="Passed" testListId="8c84fa94-04c1-424b-9868-57a2d4851a1d" relativeResultsDirectory="c32ce85b-ca04-4e65-be73-293434a44ae4" />
    <UnitTestResult executionId="7fa083cd-04d7-4db8-9dca-142356ed6b22" testId="0d36f395-f8f3-41b8-0faf-27d8c8603e41" testName="DAoCLogWatcher.Tests.Core.CharacterDiscoveryServiceTests.GetCharacterNames_EmptyDirectory_ReturnsEmpty" computerName="runnervmwffz4" duration="00:00:00.0023262" startTime="2026-02-21T12:41:00.6341944+00:00" endTime="2026-02-21T12:41:00.6403494+00:00" testType="13cdc9d9-ddb5-4fa4-a97d-d965ccfc6d4b" outcome="Passed" testListId="8c84fa94-04c1-424b-9868-57a2d4851a1d" relativeResultsDirectory="7fa083cd-04d7-4db8-9dca-142356ed6b22" />
    <UnitTestResult executionId="bedb0bee-c20f-4237-b110-78f9b475f436" testId="e79b6b42-6b4d-fc07-0575-6095b21b5617" testName="DAoCLogWatcher.Tests.Core.LogWatcherTests.WatchAsync_LastPosition_UpdatesAfterReading" computerName="runnervmwffz4" duration="00:00:00.0032969" startTime="2026-02-21T12:41:01.8486986+00:00" endTime="2026-02-21T12:41:01.8521823+00:00" testType="13cdc9d9-ddb5-4fa4-a97d-d965ccfc6d4b" outcome="Passed" testListId="8c84fa94-04c1-424b-9868-57a2d4851a1d" relativeResultsDirectory="bedb0bee-c20f-4237-b110-78f9b475f436" />
    <UnitTestResult executionId="140c132c-052f-41f2-859c-654e0522004c" testId="489bc936-435b-d2ea-b9d3-495fdc3e9c6c" testName="DAoCLogWatcher.Tests.Integration.EndToEndTests.FullFlow_EmptyLog_HandlesGracefully" computerName="runnervmwffz4" duration="00:00:00.5019026" startTime="2026-02-21T12:41:15.5904661+00:00" endTime="2026-02-21T12:41:16.0922588+00:00" testType="13cdc9d9-ddb5-4fa4-a97d-d965ccfc6d4b" outcome="Passed" testListId="8c84fa94-04c1-424b-9868-57a2d4851a1d" relativeResultsDirectory="140c132c-052f-41f2-859c-654e0522004c" />
    <UnitTestResult executionId="c94dcac6-78d5-4306-8467-09b4a2b38ac0" testId="f2bd64cf-0d89-04d7-86a6-c6937d5d3b01" testName="DAoCLogWatcher.Tests.UI.Models.RealmPointSummaryTests.RpsPerHour_WithOldSession_UsesLastEntryTime" computerName="runnervmwffz4" duration="00:00:00.0001820" startTime="2026-02-21T12:41:00.6365365+00:00" endTime="2026-02-21T12:41:00.6366970+00:00" testType="13cdc9d9-ddb5-4fa4-a97d-d965ccfc6d4b" outcome="Passed" testListId="8c84fa94-04c1-424b-9868-57a2d4851a1d" relativeResultsDirectory="c94dcac6-78d5-4306-8467-09b4a2b38ac0" />
    <UnitTestResult executionId="e1f5344f-aba1-4112-8169-ca70139d8991" testId="e7bde520-a13f-9470-0f7b-cc42192057a7" testName="DAoCLogWatcher.Tests.UI.Models.RealmPointSummaryTests.Percentages_WithVariousRPAmounts_CalculateCorrectly" computerName="runnervmwffz4" duration="00:00:00.0003472" startTime="2026-02-21T12:41:00.6410436+00:00" endTime="2026-02-21T12:41:00.6411901+00:00" testType="13cdc9d9-ddb5-4fa4-a97d-d965ccfc6d4b" outcome="Passed" testListId="8c84fa94-04c1-424b-9868-57a2d4851a1d" relativeResultsDirectory="e1f5344f-aba1-4112-8169-ca70139d8991" />
    <UnitTestResult executionId="2f27e2f1-94a9-48fd-b5f9-fbccb09fb4eb" testId="9d39318e-cb17-c7d5-e5aa-1689bbc70f15" testName="DAoCLogWatcher.Tests.Core.LogWatcherTests.WatchAsync_EmptyFile_WaitsForContent" computerName="runnervmwffz4" duration="00:00:00.1024969" startTime="2026-02-21T12:41:01.8593691+00:00" endTime="2026-02-21T12:41:01.9621564+00:00" testType="13cdc9d9-ddb5-4fa4-a97d-d965ccfc6d4b" outcome="Passed" testListId="8c84fa94-04c1-424b-9868-57a2d4851a1d" relativeResultsDirectory="2f27e2f1-94a9-48fd-b5f9-fbccb09fb4eb" />
    <UnitTestResult executionId="b96962a9-ecf9-4746-8de8-d3a49048f408" testId="5d081a38-bb96-14d5-4283-9f629a9a6842" testName="DAoCLogWatcher.Tests.UI.Models.RealmPointSummaryTests.Percentages_WhenTotalIsZero_ReturnsZero" computerName="runnervmwffz4" duration="00:00:00.0002248" startTime="2026-02-21T12:41:00.5993572+00:00" endTime="2026-02-21T12:41:00.6343202+00:00" testType="13cdc9d9-ddb5-4fa4-a97d-d965ccfc6d4b" outcome="Passed" testListId="8c84fa94-04c1-424b-9868-57a2d4851a1d" relativeResultsDirectory="b96962a9-ecf9-4746-8de8-d3a49048f408" />
    <UnitTestResult executionId="749a851a-8747-405d-83d8-0ee093074f15" testId="fbc258b0-7975-6038-3bd8-2f7cbe989afd" testName="DAoCLogWatcher.Tests.UI.Models.RealmPointSummaryTests.Percentages_WhenSubtotalExceedsTotal_ReturnsOver100" computerName="runnervmwffz4" duration="00:00:00.0023689" startTime="2026-02-21T12:41:00.5871743+00:00" endTime="2026-02-21T12:41:00.5874105+00:00" testType="13cdc9d9-ddb5-4fa4-a97d-d965ccfc6d4b" outcome="Passed" testListId="8c84fa94-04c1-424b-9868-57a2d4851a1d" relativeResultsDirectory="749a851a-8747-405d-83d8-0ee093074f15" />
    <UnitTestResult executionId="56e559da-bbad-401d-802d-e7c105f6b223" testId="e58c7a59-9074-5631-0dfe-129dc82b276d" testName="DAoCLogWatcher.Tests.Integration.EndToEndTests.FullFlow_WithOnlyPlayerKills_Percentage100" computerName="runnervmwffz4" duration="00:00:05.0242596" startTime="2026-02-21T12:41:00.5452787+00:00" endTime="2026-02-21T12:41:05.5770060+00:00" testType="13cdc9d9-ddb5-4fa4-a97d-d965ccfc6d4b" outcome="Passed" testListId="8c84fa94-04c1-424b-9868-57a2d4851a1d" relativeResultsDirectory="56e559da-bbad-401d-802d-e7c105f6b223" />
    <UnitTestResult executionId="c54af948-d31c-45bf-bdd1-55dc9fd3cf9c" testId="75ee2526-ba59-c614-cdd7-e8fd54f2aad5" testName="DAoCLogWatcher.Tests.Integration.EndToEndTests.FullFlow_WithBonusLines_ExcludesFromTotal" computerName="runnervmwffz4" duration="00:00:05.0030624" startTime="2026-02-21T12:41:05.5777364+00:00" endTime="2026-02-21T12:41:10.5806196+00:00" testType="13cdc9d9-ddb5-4fa4-a97d-d965ccfc6d4b" outcome="Passed" testListId="8c84fa94-04c1-424b-9868-57a2d4851a1d" relativeResultsDirectory="c54af948-d31c-45bf-bdd1-55dc9fd3cf9c" />
    <UnitTestResult executionId="744fc396-57fb-401c-aabf-144cbb850816" testId="427c013e-b54d-e4ee-1e90-016993964386" testName="DAoCLogWatcher.Tests.UI.Models.RealmPointSummaryTests.RpsPerHour_WithOneHourSession_CalculatesCorrectly" computerName="runnervmwffz4" duration="00:00:00.0001614" startTime="2026-02-21T12:41:00.6373993+00:00" endTime="2026-02-21T12:41:00.6375067+00:00" testType="13cdc9d9-ddb5-4fa4-a97d-d965ccfc6d4b" outcome="Passed" testListId="8c84fa94-04c1-424b-9868-57a2d4851a1d" relativeResultsDirectory="744fc396-57fb-401c-aabf-144cbb850816" />
    <UnitTestResult executionId="886cd242-bd66-45e2-bd93-32f8bb0e0831" testId="36dc26b2-809b-fc9d-0d2e-f0b81c47024b" testName="DAoCLogWatcher.Tests.Core.Parsing.RealmPointParserTests.TryParse_InvalidLines_ReturnsFalse(line: &quot;Random log line without RP&quot;)" computerName="runnervmwffz4" duration="00:00:00.0001292" startTime="2026-02-21T12:41:00.6501184+00:00" endTime="2026-02-21T12:41:00.6501804+00:00" testType="13cdc9d9-ddb5-4fa4-a97d-d965ccfc6d4b" outcome="Passed" testListId="8c84fa94-04c1-424b-9868-57a2d4851a1d" relativeResultsDirectory="886cd242-bd66-45e2-bd93-32f8bb0e0831" />
    <UnitTestResult executionId="5726d206-7389-459a-92fd-63a7f7a1a017" testId="0ee531e7-2278-a002-7e0e-40901e3a7cb4" testName="DAoCLogWatcher.Tests.Core.Parsing.RealmPointParserTests.TryParse_ValidRealmPointLine_ParsesCorrectly(line: &quot;[23:59:59] You get 500 realm points for Tower Capt&quot;···, expectedPoints: 500, expectedSource: Siege)" computerName="runnervmwffz4" duration="00:00:00.0000169" startTime="2026-02-21T12:41:00.6483425+00:00" endTime="2026-02-21T12:41:00.6483997+00:00" testType="13cdc9d9-ddb5-4fa4-a97d-d965ccfc6d4b" outcome="Passed" testListId="8c84fa94-04c1-424b-9868-57a2d4851a1d" relativeResultsDirectory="5726d206-7389-459a-92fd-63a7f7a1a017" />
    <UnitTestResult executionId="5c0dd7c4-e042-4c1f-be30-2249f9eb63a1" testId="7e71b23a-8a44-a7a2-21b3-ff7ae1109f6e" testName="DAoCLogWatcher.Tests.UI.Models.RealmPointSummaryTests.BugDetection_IndividualRPsSumToTotal_ShouldBeEnforced" computerName="runnervmwffz4" duration="00:00:00.0001787" startTime="2026-02-21T12:41:00.6357617+00:00" endTime="2026-02-21T12:41:00.6358670+00:00" testType="13cdc9d9-ddb5-4fa4-a97d-d965ccfc6d4b" outcome="Passed" testListId="8c84fa94-04c1-424b-9868-57a2d4851a1d" relativeResultsDirectory="5c0dd7c4-e042-4c1f-be30-2249f9eb63a1" />
    <UnitTestResult executionId="165c67ec-c3e0-43ef-bd49-e76b180d426a" testId="1c93e324-adae-7c97-ee91-b5ad641ceee0" testName="DAoCLogWatcher.Tests.Core.Parsing.RealmPointParserTests.TryParse_InvalidLines_ReturnsFalse(line: &quot;&quot;)" computerName="runnervmwffz4" duration="00:00:00.0000035" startTime="2026-02-21T12:41:00.6504294+00:00" endTime="2026-02-21T12:41:00.6504769+00:00" testType="13cdc9d9-ddb5-4fa4-a97d-d965ccfc6d4b" outcome="Passed" testListId="8c84fa94-04c1-424b-9868-57a2d4851a1d" relativeResultsDirectory="165c67ec-c3e0-43ef-bd49-e76b180d426a" />
    <UnitTestResult executionId="3020d36c-bf09-40c1-bda0-acc646596ad1" testId="d0dd90be-e3db-5347-83e3-b44b5326c166" testName="DAoCLogWatcher.Tests.UI.Models.RealmPointSummaryTests.Percentages_SumTo100_ForVariousValidDistributions(total: 5000, kills: 5000, quests: 0, ticks: 0, siege: 0, assault: 0, support: 0, relic: 0, unknown: 0)" computerName="runnervmwffz4" duration="00:00:00.0001696" startTime="2026-02-21T12:41:00.6347464+00:00" endTime="2026-02-21T12:41:00.6348562+00:00" testType="13cdc9d9-ddb5-4fa4-a97d-d965ccfc6d4b" outcome="Passed" testListId="8c84fa94-04c1-424b-9868-57a2d4851a1d" relativeResultsDirectory="3020d36c-bf09-40c1-bda0-acc646596ad1" />
    <UnitTestResult executionId="fea05f80-840a-4467-87f0-9d9929161804" testId="c5899f2c-b5d5-d248-5252-71d8f1116fe1" testName="DAoCLogWatcher.Tests.Core.LogWatcherTests.WatchAsync_NonExistentFile_ThrowsFileNotFoundException" computerName="runnervmwffz4" duration="00:00:00.0040118" startTime="2026-02-21T12:41:01.3340535+00:00" endTime="2026-02-21T12:41:01.3378055+00:00" testType="13cdc9d9-ddb5-4fa4-a97d-d965ccfc6d4b" outcome="Passed" testListId="8c84fa94-04c1-424b-9868-57a2d4851a1d" relativeResultsDirectory="fea05f80-840a-4467-87f0-9d9929161804" />
    <UnitTestResult executionId="7c3d9373-2cce-45c6-8aa6-89ea7fa5b7da" testId="245a6fe8-b4bf-a1bb-2cbe-7c6e0f80a0f9" testName="DAoCLogWatcher.Tests.Core.LogWatcherTests.WatchAsync_QuickLogReopen_PreservesSessionStart" computerName="runnervmwffz4" duration="00:00:00.0032108" startTime="2026-02-21T12:41:01.3305324+00:00" endTime="2026-02-21T12:41:01.3336391+00:00" testType="13cdc9d9-ddb5-4fa4-a97d-d965ccfc6d4b" outcome="Passed" testListId="8c84fa94-04c1-424b-9868-57a2d4851a1d" relativeResultsDirectory="7c3d9373-2cce-45c6-8aa6-89ea7fa5b7da" />
    <UnitTestResult executionId="04e3c58a-6167-451f-9763-b616c6d4b274" testId="53547ac3-101e-caf9-ef82-f341e5e545f9" testName="DAoCLogWatcher.Tests.Core.Parsing.RealmPointParserTests.TryParse_StateMachine_ResetsAfterEmission" computerName="runnervmwffz4" duration="00:00:00.0001662" startTime="2026-02-21T12:41:00.6509353+00:00" endTime="2026-02-21T12:41:00.6509866+00:00" testType="13cdc9d9-ddb5-4fa4-a97d-d965ccfc6d4b" outcome="Passed" testListId="8c84fa94-04c1-424b-9868-57a2d4851a1d" relativeResultsDirectory="04e3c58a-6167-451f-9763-b616c6d4b274" />
    <UnitTestResult executionId="61096ed8-2758-4526-b5fd-9631b0d74053" testId="8e25f3cf-0f1e-57b0-52bf-ef46bb225319" testName="DAoCLogWatcher.Tests.Core.LogWatcherTests.WatchAsync_FileWithInitialContent_ReadsFromStart" computerName="runnervmwffz4" duration="00:00:00.0035655" startTime="2026-02-21T12:41:01.8524607+00:00" endTime="2026-02-21T12:41:01.8561496+00:00" testType="13cdc9d9-ddb5-4fa4-a97d-d965ccfc6d4b" outcome="Passed" testListId="8c84fa94-04c1-424b-9868-57a2d4851a1d" relativeResultsDirectory="61096ed8-2758-4526-b5fd-9631b0d74053" />
    <UnitTestResult executionId="6ca48197-575f-4ce8-bf38-84199dc9d4c4" testId="0eeacb40-0780-4fda-45c2-35c983d4aa88" testName="DAoCLogWatcher.Tests.Core.LogWatcherTests.Constructor_NullOrEmptyPath_ThrowsArgumentException" computerName="runnervmwffz4" duration="00:00:00.0046663" startTime="2026-02-21T12:41:00.6457518+00:00" endTime="2026-02-21T12:41:00.6459309+00:00" testType="13cdc9d9-ddb5-4fa4-a97d-d965ccfc6d4b" outcome="Passed" testListId="8c84fa94-04c1-424b-9868-57a2d4851a1d" relativeResultsDirectory="6ca48197-575f-4ce8-bf38-84199dc9d4c4" />
    <UnitTestResult executionId="99297a3e-33ba-41a8-92b1-c33cb4b9cb57" testId="3dbc9314-9b6b-dee4-ebe1-efe28102a556" testName="DAoCLogWatcher.Tests.Integration.EndToEndTests.FullFlow_WithAllRPSources_ValidDistribution" computerName="runnervmwffz4" duration="00:00:05.0024134" startTime="2026-02-21T12:41:16.0924602+00:00" endTime="2026-02-21T12:41:21.0951353+00:00" testType="13cdc9d9-ddb5-4fa4-a97d-d965ccfc6d4b" outcome="Passed" testListId="8c84fa94-04c1-424b-9868-57a2d4851a1d" relativeResultsDirectory="99297a3e-33ba-41a8-92b1-c33cb4b9cb57" />
    <UnitTestResult executionId="d94b3a16-05c6-48d6-9f29-8782e10fd9c0" testId="2b0bf5c3-c61b-8e65-54ea-fd304848228e" testName="DAoCLogWatcher.Tests.UI.Models.RealmPointSummaryTests.RpsPerHour_WithIdenticalTimestamps_Old_UsesLastAsEnd" computerName="runnervmwffz4" duration="00:00:00.0001676" startTime="2026-02-21T12:41:00.6401604+00:00" endTime="2026-02-21T12:41:00.6406997+00:00" testType="13cdc9d9-ddb5-4fa4-a97d-d965ccfc6d4b" outcome="Passed" testListId="8c84fa94-04c1-424b-9868-57a2d4851a1d" relativeResultsDirectory="d94b3a16-05c6-48d6-9f29-8782e10fd9c0" />
    <UnitTestResult executionId="1c61dd97-86ff-40d4-be9f-32d9f907f0a7" testId="fe14cfe9-ee0c-2547-185d-54197b3bc90e" testName="DAoCLogWatcher.Tests.Core.Parsing.RealmPointParserTests.TryParse_EdgeCasePoints_ParsesCorrectly(line: &quot;[12:34:56] You get 0 realm points!&quot;, expectedPoints: 0)" computerName="runnervmwffz4" duration="00:00:00.0001937" startTime="2026-02-21T12:41:00.6521462+00:00" endTime="2026-02-21T12:41:00.6521958+00:00" testType="13cdc9d9-ddb5-4fa4-a97d-d965ccfc6d4b" outcome="Passed" testListId="8c84fa94-04c1-424b-9868-57a2d4851a1d" relativeResultsDirectory="1c61dd97-86ff-40d4-be9f-32d9f907f0a7" />
    <UnitTestResult executionId="593f748e-91bd-4d65-8ad6-bc1df13232e5" testId="d22894f7-5c87-7d1e-1ef1-9c4557cd03c7" testName="DAoCLogWatcher.Tests.Core.CharacterDiscoveryServiceTests.GetCharacterNames_DeduplicationIsCaseInsensitive" computerName="runnervmwffz4" duration="00:00:00.0003875" startTime="2026-02-21T12:41:00.6451419+00:00" endTime="2026-02-21T12:41:00.6453458+00:00" testType="13cdc9d9-ddb5-4fa4-a97d-d965ccfc6d4b" outcome="Passed" testListId="8c84fa94-04c1-424b-9868-57a2d4851a1d" relativeResultsDirectory="593f748e-91bd-4d65-8ad6-bc1df13232e5" />
    <UnitTestResult executionId="383d8c4c-aacc-4364-b295-b5018b0032d7" testId="76a11476-ff44-3e3c-d844-1c6e8babe206" testName="DAoCLogWatcher.Tests.Core.LogWatcherTests.WatchAsync_ProcessesChatLogOpenedMarker" computerName="runnervmwffz4" duration="00:00:00.0032542" startTime="2026-02-21T12:41:01.3397271+00:00" endTime="2026-02-21T12:41:01.3414519+00:00" testType="13cdc9d9-ddb5-4fa4-a97d-d965ccfc6d4b" outcome="Passed" testListId="8c84fa94-04c1-424b-9868-57a2d4851a1d" relativeResultsDirectory="383d8c4c-aacc-4364-b295-b5018b0032d7" />
    <UnitTestResult executionId="2c0c54dd-9b05-4be8-97ff-34bf21672efd" testId="5b0db6c0-8786-ede2-a321-08f0a8c9e644" testName="DAoCLogWatcher.Tests.Core.Parsing.RealmPointParserTests.TryParse_InvalidLines_ReturnsFalse(line: &quot;Not a valid log line&quot;)" computerName="runnervmwffz4" duration="00:00:00.0000037" startTime="2026-02-21T12:41:00.6505641+00:00" endTime="2026-02-21T12:41:00.6506202+00:00" testType="13cdc9d9-ddb5-4fa4-a97d-d965ccfc6d4b" outcome="Passed" testListId="8c84fa94-04c1-424b-9868-57a2d4851a1d" relativeResultsDirectory="2c0c54dd-9b05-4be8-97ff-34bf21672efd" />
    <UnitTestResult executionId="e7dab64f-3fef-411b-91f6-d7f4c27ddfdb" testId="17f29363-47a7-4e50-d589-6723c51056a8" testName="DAoCLogWatcher.Tests.Core.LogWatcherTests.DisposeAsync_CanBeCalledMultipleTimes" computerName="runnervmwffz4" duration="00:00:00.0009974" startTime="2026-02-21T12:41:00.6472745+00:00" endTime="2026-02-21T12:41:00.6473940+00:00" testType="13cdc9d9-ddb5-4fa4-a97d-d965ccfc6d4b" outcome="Passed" testListId="8c84fa94-04c1-424b-9868-57a2d4851a1d" relativeResultsDirectory="e7dab64f-3fef-411b-91f6-d7f4c27ddfdb" />
    <UnitTestResult executionId="f8eb0a7e-df95-4e30-a2d2-1a6d9480ece3" testId="815df7d8-b523-a88d-2d7d-ef89899599eb" testName="DAoCLogWatcher.Tests.Core.Parsing.RealmPointParserTests.TryParse_EdgeCasePoints_ParsesCorrectly(line: &quot;[12:34:56] You get 999999 realm points!&quot;, expectedPoints: 999999)" computerName="runnervmwffz4" duration="00:00:00.0001466" startTime="2026-02-21T12:41:00.6519497+00:00" endTime="2026-02-21T12:41:00.6519973+00:00" testType="13cdc9d9-ddb5-4fa4-a97d-d965ccfc6d4b" outcome="Passed" testListId="8c84fa94-04c1-424b-9868-57a2d4851a1d" relativeResultsDirectory="f8eb0a7e-df95-4e30-a2d2-1a6d9480ece3" />
    <UnitTestResult executionId="c5b749a8-fe63-48a6-b37c-094c5ec5111b" testId="7e3c9b3f-7a60-264c-122a-b61882268d02" testName="DAoCLogWatcher.Tests.UI.Models.RealmPointSummaryTests.Integration_RealisticScenario_PercentagesAreValid(total: 1000, kills: 300, quests: 200, ticks: 200, siege: 150, assault: 50, support: 50, relic: 25, unknown: 25)" computerName="runnervmwffz4" duration="00:00:00.0007700" startTime="2026-02-21T12:41:00.5947754+00:00" endTime="2026-02-21T12:41:00.5953905+00:00" testType="13cdc9d9-ddb5-4fa4-a97d-d965ccfc6d4b" outcome="Passed" testListId="8c84fa94-04c1-424b-9868-57a2d4851a1d" relativeResultsDirectory="c5b749a8-fe63-48a6-b37c-094c5ec5111b" />
    <UnitTestResult executionId="9bb4cfc0-e085-46b2-a053-ebfa2e3c418a" testId="0b128dc2-3444-949e-ce21-2dbb67bb3ca5" testName="DAoCLogWatcher.Tests.Core.Parsing.RealmPointParserTests.TryParse_ValidRealmPointLine_ParsesCorrectly(line: &quot;[14:22:33] You get 2500 realm points for Battle Ti&quot;···, expectedPoints: 2500, expectedSource: Tick)" computerName="runnervmwffz4" duration="00:00:00.0000290" startTime="2026-02-21T12:41:00.6484930+00:00" endTime="2026-02-21T12:41:00.6485432+00:00" testType="13cdc9d9-ddb5-4fa4-a97d-d965ccfc6d4b" outcome="Passed" testListId="8c84fa94-04c1-424b-9868-57a2d4851a1d" relativeResultsDirectory="9bb4cfc0-e085-46b2-a053-ebfa2e3c418a" />
    <UnitTestResult executionId="7fd51854-bd43-4391-b226-836b5ebbc25f" testId="202c4571-ceb5-6d02-a2c8-a086b7fcc41a" testName="DAoCLogWatcher.Tests.UI.Models.RealmPointSummaryTests.Reset_ClearsAllValues" computerName="runnervmwffz4" duration="00:00:00.0029710" startTime="2026-02-21T12:41:00.5965090+00:00" endTime="2026-02-21T12:41:00.5987616+00:00" testType="13cdc9d9-ddb5-4fa4-a97d-d965ccfc6d4b" outcome="Passed" testListId="8c84fa94-04c1-424b-9868-57a2d4851a1d" relativeResultsDirectory="7fd51854-bd43-4391-b226-836b5ebbc25f" />
    <UnitTestResult executionId="ab7063bf-8543-4148-9b84-d7fc1b417b0d" testId="c46ea92c-902f-6c02-a68f-9d09a9aa93c8" testName="DAoCLogWatcher.Tests.UI.Models.RealmPointSummaryTests.TotalEntries_WithMultipleSourceCounts_SumsCorrectly" computerName="runnervmwffz4" duration="00:00:00.0001316" startTime="2026-02-21T12:41:00.6369727+00:00" endTime="2026-02-21T12:41:00.6371093+00:00" testType="13cdc9d9-ddb5-4fa4-a97d-d965ccfc6d4b" outcome="Passed" testListId="8c84fa94-04c1-424b-9868-57a2d4851a1d" relativeResultsDirectory="ab7063bf-8543-4148-9b84-d7fc1b417b0d" />
    <UnitTestResult executionId="15cab9ff-1cfe-4153-84fc-74c0964e1992" testId="4b2ec7ec-e1f9-53b0-c3c3-963c5e08b2a5" testName="DAoCLogWatcher.Tests.UI.Models.RealmPointSummaryTests.Percentages_SumTo100_ForVariousValidDistributions(total: 1000, kills: 250, quests: 250, ticks: 250, siege: 250, assault: 0, support: 0, relic: 0, unknown: 0)" computerName="runnervmwffz4" duration="00:00:00.0000112" startTime="2026-02-21T12:41:00.6353793+00:00" endTime="2026-02-21T12:41:00.6354822+00:00" testType="13cdc9d9-ddb5-4fa4-a97d-d965ccfc6d4b" outcome="Passed" testListId="8c84fa94-04c1-424b-9868-57a2d4851a1d" relativeResultsDirectory="15cab9ff-1cfe-4153-84fc-74c0964e1992" />
    <UnitTestResult executionId="573e8752-d8aa-448f-88a8-529afa1e4c3d" testId="9448ce62-a04d-242a-9042-2a4964b7fe38" testName="DAoCLogWatcher.Tests.UI.Models.RealmPointSummaryTests.RpsPerHour_WithNoEntries_ReturnsZero" computerName="runnervmwffz4" duration="00:00:00.0151134" startTime="2026-02-21T12:41:00.5472060+00:00" endTime="2026-02-21T12:41:00.5702219+00:00" testType="13cdc9d9-ddb5-4fa4-a97d-d965ccfc6d4b" outcome="Passed" testListId="8c84fa94-04c1-424b-9868-57a2d4851a1d" relativeResultsDirectory="573e8752-d8aa-448f-88a8-529afa1e4c3d" />
    <UnitTestResult executionId="f5219ead-8030-4ffd-886a-d8929013d068" testId="3055b825-2345-68aa-c408-efb5aaa39b0a" testName="DAoCLogWatcher.Tests.UI.Models.RealmPointSummaryTests.Integration_RealisticScenario_PercentagesAreValid(total: 500, kills: 100, quests: 100, ticks: 100, siege: 100, assault: 50, support: 25, relic: 15, unknown: 10)" computerName="runnervmwffz4" duration="00:00:00.0214647" startTime="2026-02-21T12:41:00.5884408+00:00" endTime="2026-02-21T12:41:00.5945726+00:00" testType="13cdc9d9-ddb5-4fa4-a97d-d965ccfc6d4b" outcome="Passed" testListId="8c84fa94-04c1-424b-9868-57a2d4851a1d" relativeResultsDirectory="f5219ead-8030-4ffd-886a-d8929013d068" />
    <UnitTestResult executionId="d84b716b-6a88-4a99-98d7-91728659828a" testId="b2bef86c-58bc-bb77-1139-f754bc39c237" testName="DAoCLogWatcher.Tests.Core.LogWatcherTests.WatchAsync_CancellationToken_StopsWatching" computerName="runnervmwffz4" duration="00:00:00.2031464" startTime="2026-02-21T12:41:00.6475672+00:00" endTime="2026-02-21T12:41:00.8220025+00:00" testType="13cdc9d9-ddb5-4fa4-a97d-d965ccfc6d4b" outcome="Passed" testListId="8c84fa94-04c1-424b-9868-57a2d4851a1d" relativeResultsDirectory="d84b716b-6a88-4a99-98d7-91728659828a" />
    <UnitTestResult executionId="f50e50b5-917f-477a-80f5-a6a1bba4ebeb" testId="df3e099f-ff2a-2592-93c4-e44abd6dc47d" testName="DAoCLogWatcher.Tests.Core.LogWatcherTests.WatchAsync_SlowLogReopen_UpdatesSessionStart" computerName="runnervmwffz4" duration="00:00:00.0027133" startTime="2026-02-21T12:41:01.8564204+00:00" endTime="2026-02-21T12:41:01.8592119+00:00" testType="13cdc9d9-ddb5-4fa4-a97d-d965ccfc6d4b" outcome="Passed" testListId="8c84fa94-04c1-424b-9868-57a2d4851a1d" relativeResultsDirectory="f50e50b5-917f-477a-80f5-a6a1bba4ebeb" />
    <UnitTestResult executionId="dfd75b77-9248-4246-864e-3ff4f376933c" testId="a965c4b3-628b-d80c-d3ea-9e5a61a70ba6" testName="DAoCLogWatcher.Tests.Core.Parsing.RealmPointParserTests.TryParse_ValidRealmPointLine_ParsesCorrectly(line: &quot;[00:00:01] You get 750 realm points for Keep Captu&quot;···, expectedPoints: 750, expectedSource: Siege)" computerName="runnervmwffz4" duration="00:00:00.0025945" startTime="2026-02-21T12:41:00.6477050+00:00" endTime="2026-02-21T12:41:00.6477585+00:00" testType="13cdc9d9-ddb5-4fa4-a97d-d965ccfc6d4b" outcome="Passed" testListId="8c84fa94-04c1-424b-9868-57a2d4851a1d" relativeResultsDirectory="dfd75b77-9248-4246-864e-3ff4f376933c" />
    <UnitTestResult executionId="e9d9be16-59ec-4902-86aa-38a357af72af" testId="a686cfa9-7d71-41bb-e936-534120eaaeb9" testName="DAoCLogWatcher.Tests.UI.Models.RealmPointSummaryTests.RpsPerHour_WithIdenticalTimestamps_Recent_UsesNowAsEnd" computerName="runnervmwffz4" duration="00:00:00.0002788" startTime="2026-02-21T12:41:00.5956953+00:00" endTime="2026-02-21T12:41:00.5957997+00:00" testType="13cdc9d9-ddb5-4fa4-a97d-d965ccfc6d4b" outcome="Passed" testListId="8c84fa94-04c1-424b-9868-57a2d4851a1d" relativeResultsDirectory="e9d9be16-59ec-4902-86aa-38a357af72af" />
    <UnitTestResult executionId="7f47f024-4853-48b3-9a51-7b6b4a845c9d" testId="7c790599-1af2-743d-4346-13b25bcdf597" testName="DAoCLogWatcher.Tests.Core.CharacterDiscoveryServiceTests.GetCharacterNames_SameNameMultipleServerSuffixes_DeduplicatesToOne" computerName="runnervmwffz4" duration="00:00:00.0239914" startTime="2026-02-21T12:41:00.5887360+00:00" endTime="2026-02-21T12:41:00.5994583+00:00" testType="13cdc9d9-ddb5-4fa4-a97d-d965ccfc6d4b" outcome="Passed" testListId="8c84fa94-04c1-424b-9868-57a2d4851a1d" relativeResultsDirectory="7f47f024-4853-48b3-9a51-7b6b4a845c9d" />
    <UnitTestResult executionId="c5e6e31d-4a69-4940-a1cb-0bc934b351c8" testId="dfe23dd7-51ae-5887-37df-aa21af6388ee" testName="DAoCLogWatcher.Tests.Core.Parsing.RealmPointParserTests.TryParse_ValidRealmPointLine_ParsesCorrectly(line: &quot;[08:15:42] You get 100 realm points for Assault Or&quot;···, expectedPoints: 100, expectedSource: AssaultOrder)" computerName="runnervmwffz4" duration="00:00:00.0000245" startTime="2026-02-21T12:41:00.6480363+00:00" endTime="2026-02-21T12:41:00.6480937+00:00" testType="13cdc9d9-ddb5-4fa4-a97d-d965ccfc6d4b" outcome="Passed" testListId="8c84fa94-04c1-424b-9868-57a2d4851a1d" relativeResultsDirectory="c5e6e31d-4a69-4940-a1cb-0bc934b351c8" />
    <UnitTestResult executionId="61f55315-b302-478d-8924-fe8e1cd8731f" testId="d1867eb4-4b72-42e4-529a-612c7fab1a72" testName="DAoCLogWatcher.Tests.Core.LogWatcherTests.WatchAsync_NewContentAppended_DetectsChanges" computerName="runnervmwffz4" duration="00:00:00.5061895" startTime="2026-02-21T12:41:00.8234064+00:00" endTime="2026-02-21T12:41:01.3300387+00:00" testType="13cdc9d9-ddb5-4fa4-a97d-d965ccfc6d4b" outcome="Passed" testListId="8c84fa94-04c1-424b-9868-57a2d4851a1d" relativeResultsDirectory="61f55315-b302-478d-8924-fe8e1cd8731f" />
    <UnitTestResult executionId="cef9fa17-947f-4174-90a5-def5a62aef9b" testId="6fdae658-0190-49b8-6dbd-2bded030bcc6" testName="DAoCLogWatcher.Tests.Core.Parsing.RealmPointParserTests.TryParse_InvalidLines_ReturnsFalse(line: &quot;[12:34:56] You killed an enemy&quot;)" computerName="runnervmwffz4" duration="00:00:00.0000066" startTime="2026-02-21T12:41:00.6502764+00:00" endTime="2026-02-21T12:41:00.6503235+00:00" testType="13cdc9d9-ddb5-4fa4-a97d-d965ccfc6d4b" outcome="Passed" testListId="8c84fa94-04c1-424b-9868-57a2d4851a1d" relativeResultsDirectory="cef9fa17-947f-4174-90a5-def5a62aef9b" />
    <UnitTestResult executionId="0268c1d8-8923-4051-85b0-11eb67b5e975" testId="2a18aeec-9491-b255-6110-40df77229c58" testName="DAoCLogWatcher.Tests.Core.Parsing.RealmPointParserTests.TryParse_PlayerKillLine_RequiresTwoLineSequence(line: &quot;[12:34:56] You get 1234 realm points!&quot;)" computerName="runnervmwffz4" duration="00:00:00.0002019" startTime="2026-02-21T12:41:00.6507522+00:00" endTime="2026-02-21T12:41:00.6507983+00:00" testType="13cdc9d9-ddb5-4fa4-a97d-d965ccfc6d4b" outcome="Passed" testListId="8c84fa94-04c1-424b-9868-57a2d4851a1d" relativeResultsDirectory="0268c1d8-8923-4051-85b0-11eb67b5e975" />
    <UnitTestResult executionId="f455d203-5146-41c3-bc2f-c5900dc33837" testId="42408dbd-1912-2cb8-ed8c-1e00f2b0deba" testName="DAoCLogWatcher.Tests.UI.Models.RealmPointSummaryTests.Percentages_ShouldSumTo100_WhenAllRPsAccountedFor" computerName="runnervmwffz4" duration="00:00:00.0002238" startTime="2026-02-21T12:41:00.6361353+00:00" endTime="2026-02-21T12:41:00.6362656+00:00" testType="13cdc9d9-ddb5-4fa4-a97d-d965ccfc6d4b" outcome="Passed" testListId="8c84fa94-04c1-424b-9868-57a2d4851a1d" relativeResultsDirectory="f455d203-5146-41c3-bc2f-c5900dc33837" />
    <UnitTestResult executionId="99bd4aab-36b6-4ddb-baa1-4cec1021d4c0" testId="5d8e610d-f1da-7925-80cd-d59deeb57eff" testName="DAoCLogWatcher.Tests.Core.CharacterDiscoveryServiceTests.GetCharacterNames_SingleFileWithSuffix_ReturnsStrippedName" computerName="runnervmwffz4" duration="00:00:00.0005273" startTime="2026-02-21T12:41:00.6406329+00:00" endTime="2026-02-21T12:41:00.6413954+00:00" testType="13cdc9d9-ddb5-4fa4-a97d-d965ccfc6d4b" outcome="Passed" testListId="8c84fa94-04c1-424b-9868-57a2d4851a1d" relativeResultsDirectory="99bd4aab-36b6-4ddb-baa1-4cec1021d4c0" />
    <UnitTestResult executionId="d044042f-225e-47ae-9996-423706b44016" testId="975456eb-56f0-51c1-105d-089378fd2732" testName="DAoCLogWatcher.Tests.Core.Parsing.RealmPointParserTests.TryParse_ValidRealmPointLine_ParsesCorrectly(line: &quot;[12:34:56] You get 1000 realm points for Campaign &quot;···, expectedPoints: 1000, expectedSource: CampaignQuest)" computerName="runnervmwffz4" duration="00:00:00.0000184" startTime="2026-02-21T12:41:00.6481974+00:00" endTime="2026-02-21T12:41:00.6482478+00:00" testType="13cdc9d9-ddb5-4fa4-a97d-d965ccfc6d4b" outcome="Passed" testListId="8c84fa94-04c1-424b-9868-57a2d4851a1d" relativeResultsDirectory="d044042f-225e-47ae-9996-423706b44016" />
    <UnitTestResult executionId="2653f39d-04b5-4649-b769-afd516e10c4d" testId="05d34dda-3b44-10ab-593f-20096983882f" testName="DAoCLogWatcher.Tests.Integration.EndToEndTests.FullFlow_WithMixedRPSources_PercentagesSumTo100" computerName="runnervmwffz4" duration="00:00:05.0088874" startTime="2026-02-21T12:41:10.5812167+00:00" endTime="2026-02-21T12:41:15.5899401+00:00" testType="13cdc9d9-ddb5-4fa4-a97d-d965ccfc6d4b" outcome="Passed" testListId="8c84fa94-04c1-424b-9868-57a2d4851a1d" relativeResultsDirectory="2653f39d-04b5-4649-b769-afd516e10c4d" />
    <UnitTestResult executionId="9009db6e-83ae-48bc-b979-d4ff353892b9" testId="b1d833f4-10df-b710-0797-ff3da32a4a0d" testName="DAoCLogWatcher.Tests.UI.Models.RealmPointSummaryTests.Percentages_SumTo100_ForVariousValidDistributions(total: 10000, kills: 3000, quests: 2000, ticks: 2500, siege: 1500, assault: 500, support: 300, relic: 200, unknown: 0)" computerName="runnervmwffz4" duration="00:00:00.0005204" startTime="2026-02-21T12:41:00.6350893+00:00" endTime="2026-02-21T12:41:00.6351850+00:00" testType="13cdc9d9-ddb5-4fa4-a97d-d965ccfc6d4b" outcome="Passed" testListId="8c84fa94-04c1-424b-9868-57a2d4851a1d" relativeResultsDirectory="9009db6e-83ae-48bc-b979-d4ff353892b9" />
    <UnitTestResult executionId="da930aa8-035e-4495-8cc2-1b28e51d6397" testId="7ab1057c-0f49-36e9-d869-67a6342f285d" testName="DAoCLogWatcher.Tests.Core.Parsing.RealmPointParserTests.TryParse_TimestampParsing_ExtractsCorrectTime" computerName="runnervmwffz4" duration="00:00:00.0001678" startTime="2026-02-21T12:41:00.6523325+00:00" endTime="2026-02-21T12:41:00.6523828+00:00" testType="13cdc9d9-ddb5-4fa4-a97d-d965ccfc6d4b" outcome="Passed" testListId="8c84fa94-04c1-424b-9868-57a2d4851a1d" relativeResultsDirectory="da930aa8-035e-4495-8cc2-1b28e51d6397" />
    <UnitTestResult executionId="211e6b5f-1c6c-4e69-8bbc-bbb6a83a3317" testId="2aa8e300-d38c-3e9e-af9f-4e1a0fffbd28" testName="DAoCLogWatcher.Tests.Core.Parsing.RealmPointParserTests.TryParse_BonusLines_AreSkipped(bonusLine: &quot;[12:34:56] You get an additional 50 realm points f&quot;···)" computerName="runnervmwffz4" duration="00:00:00.0003382" startTime="2026-02-21T12:41:00.6486803+00:00" endTime="2026-02-21T12:41:00.6487278+00:00" testType="13cdc9d9-ddb5-4fa4-a97d-d965ccfc6d4b" outcome="Passed" testListId="8c84fa94-04c1-424b-9868-57a2d4851a1d" relativeResultsDirectory="211e6b5f-1c6c-4e69-8bbc-bbb6a83a3317" />
    <UnitTestResult executionId="1e1d05c1-e536-464e-b7a5-b08914e66f45" testId="6a6ae5ce-3e02-c790-9957-8b79df0f7144" testName="DAoCLogWatcher.Tests.Core.CharacterDiscoveryServiceTests.GetCharacterNames_NonExistentDirectory_ReturnsEmpty" computerName="runnervmwffz4" duration="00:00:00.0003169" startTime="2026-02-21T12:41:00.6421657+00:00" endTime="2026-02-21T12:41:00.6423128+00:00" testType="13cdc9d9-ddb5-4fa4-a97d-d965ccfc6d4b" outcome="Passed" testListId="8c84fa94-04c1-424b-9868-57a2d4851a1d" relativeResultsDirectory="1e1d05c1-e536-464e-b7a5-b08914e66f45" />
    <UnitTestResult executionId="a4688675-8d48-41ea-9331-c20fce28a5c9" testId="8f25b54d-ff3c-4895-2a9d-786cc4977ce7" testName="DAoCLogWatcher.Tests.Core.LogWatcherTests.WatchAsync_FileWithStartPosition_SkipsEarlierContent" computerName="runnervmwffz4" duration="00:00:00.0037357" startTime="2026-02-21T12:41:01.3418254+00:00" endTime="2026-02-21T12:41:01.3454801+00:00" testType="13cdc9d9-ddb5-4fa4-a97d-d965ccfc6d4b" outcome="Passed" testListId="8c84fa94-04c1-424b-9868-57a2d4851a1d" relativeResultsDirectory="a4688675-8d48-41ea-9331-c20fce28a5c9" />
    <UnitTestResult executionId="1e2d9baf-4c70-4575-9e1f-7ab5e1f5f228" testId="47e15ff6-46fa-520b-65f0-081b1fc5e6ed" testName="DAoCLogWatcher.Tests.Core.Parsing.RealmPointParserTests.TryParse_BonusLines_AreSkipped(bonusLine: &quot;[12:34:56] You get an additional 100 realm points &quot;···)" computerName="runnervmwffz4" duration="00:00:00.0001485" startTime="2026-02-21T12:41:00.6495466+00:00" endTime="2026-02-21T12:41:00.6496092+00:00" testType="13cdc9d9-ddb5-4fa4-a97d-d965ccfc6d4b" outcome="Passed" testListId="8c84fa94-04c1-424b-9868-57a2d4851a1d" relativeResultsDirectory="1e2d9baf-4c70-4575-9e1f-7ab5e1f5f228" />
  </Results>
  <TestDefinitions>
    <UnitTest name="DAoCLogWatcher.Tests.Core.Parsing.RealmPointParserTests.TryParse_RelicCaptureSequence_ParsesCorrectly" storage="/home/runner/work/daoclogwatcher/daoclogwatcher/daoclogwatcher.tests/bin/release/net10.0/daoclogwatcher.tests.dll" id="09f9c74d-9a72-a041-85c2-1de361727141">
      <Execution id="2cf1a890-63e1-45ff-94f2-7d629eba23b2" />
      <TestMethod codeBase="/home/runner/work/DAoCLogWatcher/DAoCLogWatcher/DAoCLogWatcher.Tests/bin/Release/net10.0/DAoCLogWatcher.Tests.dll" adapterTypeName="executor://xunit/VsTestRunner3/netcore/" className="DAoCLogWatcher.Tests.Core.Parsing.RealmPointParserTests" name="TryParse_RelicCaptureSequence_ParsesCorrectly" />
    </UnitTest>
    <UnitTest name="DAoCLogWatcher.Tests.Core.Parsing.RealmPointParserTests.TryParse_ValidRealmPointLine_ParsesCorrectly(line: &quot;[12:34:56] You get 1000 realm points for Campaign &quot;···, expectedPoints: 1000, expectedSource: CampaignQuest)" storage="/home/runner/work/daoclogwatcher/daoclogwatcher/daoclogwatcher.tests/bin/release/net10.0/daoclogwatcher.tests.dll" id="975456eb-56f0-51c1-105d-089378fd2732">
      <Execution id="d044042f-225e-47ae-9996-423706b44016" />
      <TestMethod codeBase="/home/runner/work/DAoCLogWatcher/DAoCLogWatcher/DAoCLogWatcher.Tests/bin/Release/net10.0/DAoCLogWatcher.Tests.dll" adapterTypeName="executor://xunit/VsTestRunner3/netcore/" className="DAoCLogWatcher.Tests.Core.Parsing.RealmPointParserTests" name="TryParse_ValidRealmPointLine_ParsesCorrectly" />
    </UnitTest>
    <UnitTest name="DAoCLogWatcher.Tests.Core.Parsing.RealmPointParserTests.TryParse_InvalidLines_ReturnsFalse(line: &quot;&quot;)" storage="/home/runner/work/daoclogwatcher/daoclogwatcher/daoclogwatcher.tests/bin/release/net10.0/daoclogwatcher.tests.dll" id="1c93e324-adae-7c97-ee91-b5ad641ceee0">
      <Execution id="165c67ec-c3e0-43ef-bd49-e76b180d426a" />
      <TestMethod codeBase="/home/runner/work/DAoCLogWatcher/DAoCLogWatcher/DAoCLogWatcher.Tests/bin/Release/net10.0/DAoCLogWatcher.Tests.dll" adapterTypeName="executor://xunit/VsTestRunner3/netcore/" className="DAoCLogWatcher.Tests.Core.Parsing.RealmPointParserTests" name="TryParse_InvalidLines_ReturnsFalse" />
    </UnitTest>
    <UnitTest name="DAoCLogWatcher.Tests.UI.Models.RealmPointSummaryTests.Percentages_SumTo100_ForVariousValidDistributions(total: 1000, kills: 250, quests: 250, ticks: 250, siege: 250, assault: 0, support: 0, relic: 0, unknown: 0)" storage="/home/runner/work/daoclogwatcher/daoclogwatcher/daoclogwatcher.tests/bin/release/net10.0/daoclogwatcher.tests.dll" id="4b2ec7ec-e1f9-53b0-c3c3-963c5e08b2a5">
      <Execution id="15cab9ff-1cfe-4153-84fc-74c0964e1992" />
      <TestMethod codeBase="/home/runner/work/DAoCLogWatcher/DAoCLogWatcher/DAoCLogWatcher.Tests/bin/Release/net10.0/DAoCLogWatcher.Tests.dll" adapterTypeName="executor://xunit/VsTestRunner3/netcore/" className="DAoCLogWatcher.Tests.UI.Models.RealmPointSummaryTests" name="Percentages_SumTo100_ForVariousValidDistributions" />
    </UnitTest>
    <UnitTest name="DAoCLogWatcher.Tests.Core.LogWatcherTests.WatchAsync_IncompleteLines_AreBufferedUntilComplete" storage="/home/runner/work/daoclogwatcher/daoclogwatcher/daoclogwatcher.tests/bin/release/net10.0/daoclogwatcher.tests.dll" id="059bd4fe-62d1-3cfc-ddb9-f385b7591663">
      <Execution id="0dc119f4-5a03-4fca-8cc3-17968675f437" />
      <TestMethod codeBase="/home/runner/work/DAoCLogWatcher/DAoCLogWatcher/DAoCLogWatcher.Tests/bin/Release/net10.0/DAoCLogWatcher.Tests.dll" adapterTypeName="executor://xunit/VsTestRunner3/netcore/" className="DAoCLogWatcher.Tests.Core.LogWatcherTests" name="WatchAsync_IncompleteLines_AreBufferedUntilComplete" />
    </UnitTest>
    <UnitTest name="DAoCLogWatcher.Tests.UI.Models.RealmPointSummaryTests.TotalEntries_WithMultipleSourceCounts_SumsCorrectly" storage="/home/runner/work/daoclogwatcher/daoclogwatcher/daoclogwatcher.tests/bin/release/net10.0/daoclogwatcher.tests.dll" id="c46ea92c-902f-6c02-a68f-9d09a9aa93c8">
      <Execution id="ab7063bf-8543-4148-9b84-d7fc1b417b0d" />
      <TestMethod codeBase="/home/runner/work/DAoCLogWatcher/DAoCLogWatcher/DAoCLogWatcher.Tests/bin/Release/net10.0/DAoCLogWatcher.Tests.dll" adapterTypeName="executor://xunit/VsTestRunner3/netcore/" className="DAoCLogWatcher.Tests.UI.Models.RealmPointSummaryTests" name="TotalEntries_WithMultipleSourceCounts_SumsCorrectly" />
    </UnitTest>
    <UnitTest name="DAoCLogWatcher.Tests.Core.LogWatcherTests.WatchAsync_ProcessesChatLogOpenedMarker" storage="/home/runner/work/daoclogwatcher/daoclogwatcher/daoclogwatcher.tests/bin/release/net10.0/daoclogwatcher.tests.dll" id="76a11476-ff44-3e3c-d844-1c6e8babe206">
      <Execution id="383d8c4c-aacc-4364-b295-b5018b0032d7" />
      <TestMethod codeBase="/home/runner/work/DAoCLogWatcher/DAoCLogWatcher/DAoCLogWatcher.Tests/bin/Release/net10.0/DAoCLogWatcher.Tests.dll" adapterTypeName="executor://xunit/VsTestRunner3/netcore/" className="DAoCLogWatcher.Tests.Core.LogWatcherTests" name="WatchAsync_ProcessesChatLogOpenedMarker" />
    </UnitTest>
    <UnitTest name="DAoCLogWatcher.Tests.Core.Parsing.RealmPointParserTests.TryParse_MultipleParserInstances_AreIndependent" storage="/home/runner/work/daoclogwatcher/daoclogwatcher/daoclogwatcher.tests/bin/release/net10.0/daoclogwatcher.tests.dll" id="00b5c8e8-9805-327b-a9ef-0c864410453b">
      <Execution id="1977f2ea-429d-46e7-8c72-70ded669d914" />
      <TestMethod codeBase="/home/runner/work/DAoCLogWatcher/DAoCLogWatcher/DAoCLogWatcher.Tests/bin/Release/net10.0/DAoCLogWatcher.Tests.dll" adapterTypeName="executor://xunit/VsTestRunner3/netcore/" className="DAoCLogWatcher.Tests.Core.Parsing.RealmPointParserTests" name="TryParse_MultipleParserInstances_AreIndependent" />
    </UnitTest>
    <UnitTest name="DAoCLogWatcher.Tests.Core.Parsing.RealmPointParserTests.TryParse_ValidRealmPointLine_ParsesCorrectly(line: &quot;[00:00:01] You get 750 realm points for Keep Captu&quot;···, expectedPoints: 750, expectedSource: Siege)" storage="/home/runner/work/daoclogwatcher/daoclogwatcher/daoclogwatcher.tests/bin/release/net10.0/daoclogwatcher.tests.dll" id="a965c4b3-628b-d80c-d3ea-9e5a61a70ba6">
      <Execution id="dfd75b77-9248-4246-864e-3ff4f376933c" />
      <TestMethod codeBase="/home/runner/work/DAoCLogWatcher/DAoCLogWatcher/DAoCLogWatcher.Tests/bin/Release/net10.0/DAoCLogWatcher.Tests.dll" adapterTypeName="executor://xunit/VsTestRunner3/netcore/" className="DAoCLogWatcher.Tests.Core.Parsing.RealmPointParserTests" name="TryParse_ValidRealmPointLine_ParsesCorrectly" />
    </UnitTest>
    <UnitTest name="DAoCLogWatcher.Tests.Core.LogWatcherTests.WatchAsync_FileWithStartPosition_SkipsEarlierContent" storage="/home/runner/work/daoclogwatcher/daoclogwatcher/daoclogwatcher.tests/bin/release/net10.0/daoclogwatcher.tests.dll" id="8f25b54d-ff3c-4895-2a9d-786cc4977ce7">
      <Execution id="a4688675-8d48-41ea-9331-c20fce28a5c9" />
      <TestMethod codeBase="/home/runner/work/DAoCLogWatcher/DAoCLogWatcher/DAoCLogWatcher.Tests/bin/Release/net10.0/DAoCLogWatcher.Tests.dll" adapterTypeName="executor://xunit/VsTestRunner3/netcore/" className="DAoCLogWatcher.Tests.Core.LogWatcherTests" name="WatchAsync_FileWithStartPosition_SkipsEarlierContent" />
    </UnitTest>
    <UnitTest name="DAoCLogWatcher.Tests.Core.Parsing.RealmPointParserTests.TryParse_InvalidLines_ReturnsFalse(line: &quot;Not a valid log line&quot;)" storage="/home/runner/work/daoclogwatcher/daoclogwatcher/daoclogwatcher.tests/bin/release/net10.0/daoclogwatcher.tests.dll" id="5b0db6c0-8786-ede2-a321-08f0a8c9e644">
      <Execution id="2c0c54dd-9b05-4be8-97ff-34bf21672efd" />
      <TestMethod codeBase="/home/runner/work/DAoCLogWatcher/DAoCLogWatcher/DAoCLogWatcher.Tests/bin/Release/net10.0/DAoCLogWatcher.Tests.dll" adapterTypeName="executor://xunit/VsTestRunner3/netcore/" className="DAoCLogWatcher.Tests.Core.Parsing.RealmPointParserTests" name="TryParse_InvalidLines_ReturnsFalse" />
    </UnitTest>
    <UnitTest name="DAoCLogWatcher.Tests.UI.Models.RealmPointSummaryTests.RpsPerHour_WithOldSession_UsesLastEntryTime" storage="/home/runner/work/daoclogwatcher/daoclogwatcher/daoclogwatcher.tests/bin/release/net10.0/daoclogwatcher.tests.dll" id="f2bd64cf-0d89-04d7-86a6-c6937d5d3b01">
      <Execution id="c94dcac6-78d5-4306-8467-09b4a2b38ac0" />
      <TestMethod codeBase="/home/runner/work/DAoCLogWatcher/DAoCLogWatcher/DAoCLogWatcher.Tests/bin/Release/net10.0/DAoCLogWatcher.Tests.dll" adapterTypeName="executor://xunit/VsTestRunner3/netcore/" className="DAoCLogWatcher.Tests.UI.Models.RealmPointSummaryTests" name="RpsPerHour_WithOldSession_UsesLastEntryTime" />
    </UnitTest>
    <UnitTest name="DAoCLogWatcher.Tests.UI.Models.RealmPointSummaryTests.Percentages_WhenSubtotalExceedsTotal_ReturnsOver100" storage="/home/runner/work/daoclogwatcher/daoclogwatcher/daoclogwatcher.tests/bin/release/net10.0/daoclogwatcher.tests.dll" id="fbc258b0-7975-6038-3bd8-2f7cbe989afd">
      <Execution id="749a851a-8747-405d-83d8-0ee093074f15" />
      <TestMethod codeBase="/home/runner/work/DAoCLogWatcher/DAoCLogWatcher/DAoCLogWatcher.Tests/bin/Release/net10.0/DAoCLogWatcher.Tests.dll" adapterTypeName="executor://xunit/VsTestRunner3/netcore/" className="DAoCLogWatcher.Tests.UI.Models.RealmPointSummaryTests" name="Percentages_WhenSubtotalExceedsTotal_ReturnsOver100" />
    </UnitTest>
    <UnitTest name="DAoCLogWatcher.Tests.UI.Models.RealmPointSummaryTests.RpsPerHour_WithIdenticalTimestamps_Recent_UsesNowAsEnd" storage="/home/runner/work/daoclogwatcher/daoclogwatcher/daoclogwatcher.tests/bin/release/net10.0/daoclogwatcher.tests.dll" id="a686cfa9-7d71-41bb-e936-534120eaaeb9">
      <Execution id="e9d9be16-59ec-4902-86aa-38a357af72af" />
      <TestMethod codeBase="/home/runner/work/DAoCLogWatcher/DAoCLogWatcher/DAoCLogWatcher.Tests/bin/Release/net10.0/DAoCLogWatcher.Tests.dll" adapterTypeName="executor://xunit/VsTestRunner3/netcore/" className="DAoCLogWatcher.Tests.UI.Models.RealmPointSummaryTests" name="RpsPerHour_WithIdenticalTimestamps_Recent_UsesNowAsEnd" />
    </UnitTest>
    <UnitTest name="DAoCLogWatcher.Tests.Core.CharacterDiscoveryServiceTests.GetCharacterNames_EmptyDirectory_ReturnsEmpty" storage="/home/runner/work/daoclogwatcher/daoclogwatcher/daoclogwatcher.tests/bin/release/net10.0/daoclogwatcher.tests.dll" id="0d36f395-f8f3-41b8-0faf-27d8c8603e41">
      <Execution id="7fa083cd-04d7-4db8-9dca-142356ed6b22" />
      <TestMethod codeBase="/home/runner/work/DAoCLogWatcher/DAoCLogWatcher/DAoCLogWatcher.Tests/bin/Release/net10.0/DAoCLogWatcher.Tests.dll" adapterTypeName="executor://xunit/VsTestRunner3/netcore/" className="DAoCLogWatcher.Tests.Core.CharacterDiscoveryServiceTests" name="GetCharacterNames_EmptyDirectory_ReturnsEmpty" />
    </UnitTest>
    <UnitTest name="DAoCLogWatcher.Tests.Core.LogWatcherTests.WatchAsync_FileWithInitialContent_ReadsFromStart" storage="/home/runner/work/daoclogwatcher/daoclogwatcher/daoclogwatcher.tests/bin/release/net10.0/daoclogwatcher.tests.dll" id="8e25f3cf-0f1e-57b0-52bf-ef46bb225319">
      <Execution id="61096ed8-2758-4526-b5fd-9631b0d74053" />
      <TestMethod codeBase="/home/runner/work/DAoCLogWatcher/DAoCLogWatcher/DAoCLogWatcher.Tests/bin/Release/net10.0/DAoCLogWatcher.Tests.dll" adapterTypeName="executor://xunit/VsTestRunner3/netcore/" className="DAoCLogWatcher.Tests.Core.LogWatcherTests" name="WatchAsync_FileWithInitialContent_ReadsFromStart" />
    </UnitTest>
    <UnitTest name="DAoCLogWatcher.Tests.UI.Models.RealmPointSummaryTests.Reset_ClearsAllValues" storage="/home/runner/work/daoclogwatcher/daoclogwatcher/daoclogwatcher.tests/bin/release/net10.0/daoclogwatcher.tests.dll" id="202c4571-ceb5-6d02-a2c8-a086b7fcc41a">
      <Execution id="7fd51854-bd43-4391-b226-836b5ebbc25f" />
      <TestMethod codeBase="/home/runner/work/DAoCLogWatcher/DAoCLogWatcher/DAoCLogWatcher.Tests/bin/Release/net10.0/DAoCLogWatcher.Tests.dll" adapterTypeName="executor://xunit/VsTestRunner3/netcore/" className="DAoCLogWatcher.Tests.UI.Models.RealmPointSummaryTests" name="Reset_ClearsAllValues" />
    </UnitTest>
    <UnitTest name="DAoCLogWatcher.Tests.Integration.EndToEndTests.FullFlow_WithRealLogSample_ProcessesCorrectly" storage="/home/runner/work/daoclogwatcher/daoclogwatcher/daoclogwatcher.tests/bin/release/net10.0/daoclogwatcher.tests.dll" id="504631d4-f9a0-58fd-e40d-ccef612bb18a">
      <Execution id="352c3182-179e-46ed-855d-524f4fd9df47" />
      <TestMethod codeBase="/home/runner/work/DAoCLogWatcher/DAoCLogWatcher/DAoCLogWatcher.Tests/bin/Release/net10.0/DAoCLogWatcher.Tests.dll" adapterTypeName="executor://xunit/VsTestRunner3/netcore/" className="DAoCLogWatcher.Tests.Integration.EndToEndTests" name="FullFlow_WithRealLogSample_ProcessesCorrectly" />
    </UnitTest>
    <UnitTest name="DAoCLogWatcher.Tests.Core.Parsing.RealmPointParserTests.TryParse_ValidRealmPointLine_ParsesCorrectly(line: &quot;[23:59:59] You get 500 realm points for Tower Capt&quot;···, expectedPoints: 500, expectedSource: Siege)" storage="/home/runner/work/daoclogwatcher/daoclogwatcher/daoclogwatcher.tests/bin/release/net10.0/daoclogwatcher.tests.dll" id="0ee531e7-2278-a002-7e0e-40901e3a7cb4">
      <Execution id="5726d206-7389-459a-92fd-63a7f7a1a017" />
      <TestMethod codeBase="/home/runner/work/DAoCLogWatcher/DAoCLogWatcher/DAoCLogWatcher.Tests/bin/Release/net10.0/DAoCLogWatcher.Tests.dll" adapterTypeName="executor://xunit/VsTestRunner3/netcore/" className="DAoCLogWatcher.Tests.Core.Parsing.RealmPointParserTests" name="TryParse_ValidRealmPointLine_ParsesCorrectly" />
    </UnitTest>
    <UnitTest name="DAoCLogWatcher.Tests.Core.LogWatcherTests.WatchAsync_SlowLogReopen_UpdatesSessionStart" storage="/home/runner/work/daoclogwatcher/daoclogwatcher/daoclogwatcher.tests/bin/release/net10.0/daoclogwatcher.tests.dll" id="df3e099f-ff2a-2592-93c4-e44abd6dc47d">
      <Execution id="f50e50b5-917f-477a-80f5-a6a1bba4ebeb" />
      <TestMethod codeBase="/home/runner/work/DAoCLogWatcher/DAoCLogWatcher/DAoCLogWatcher.Tests/bin/Release/net10.0/DAoCLogWatcher.Tests.dll" adapterTypeName="executor://xunit/VsTestRunner3/netcore/" className="DAoCLogWatcher.Tests.Core.LogWatcherTests" name="WatchAsync_SlowLogReopen_UpdatesSessionStart" />
    </UnitTest>
    <UnitTest name="DAoCLogWatcher.Tests.UI.Models.RealmPointSummaryTests.Percentages_SumTo100_ForVariousValidDistributions(total: 5000, kills: 5000, quests: 0, ticks: 0, siege: 0, assault: 0, support: 0, relic: 0, unknown: 0)" storage="/home/runner/work/daoclogwatcher/daoclogwatcher/daoclogwatcher.tests/bin/release/net10.0/daoclogwatcher.tests.dll" id="d0dd90be-e3db-5347-83e3-b44b5326c166">
      <Execution id="3020d36c-bf09-40c1-bda0-acc646596ad1" />
      <TestMethod codeBase="/home/runner/work/DAoCLogWatcher/DAoCLogWatcher/DAoCLogWatcher.Tests/bin/Release/net10.0/DAoCLogWatcher.Tests.dll" adapterTypeName="executor://xunit/VsTestRunner3/netcore/" className="DAoCLogWatcher.Tests.UI.Models.RealmPointSummaryTests" name="Percentages_SumTo100_ForVariousValidDistributions" />
    </UnitTest>
    <UnitTest name="DAoCLogWatcher.Tests.Core.LogWatcherTests.WatchAsync_LastPosition_UpdatesAfterReading" storage="/home/runner/work/daoclogwatcher/daoclogwatcher/daoclogwatcher.tests/bin/release/net10.0/daoclogwatcher.tests.dll" id="e79b6b42-6b4d-fc07-0575-6095b21b5617">
      <Execution id="bedb0bee-c20f-4237-b110-78f9b475f436" />
      <TestMethod codeBase="/home/runner/work/DAoCLogWatcher/DAoCLogWatcher/DAoCLogWatcher.Tests/bin/Release/net10.0/DAoCLogWatcher.Tests.dll" adapterTypeName="executor://xunit/VsTestRunner3/netcore/" className="DAoCLogWatcher.Tests.Core.LogWatcherTests" name="WatchAsync_LastPosition_UpdatesAfterReading" />
    </UnitTest>
    <UnitTest name="DAoCLogWatcher.Tests.UI.Models.RealmPointSummaryTests.RpsPerHour_WithNoEntries_ReturnsZero" storage="/home/runner/work/daoclogwatcher/daoclogwatcher/daoclogwatcher.tests/bin/release/net10.0/daoclogwatcher.tests.dll" id="9448ce62-a04d-242a-9042-2a4964b7fe38">
      <Execution id="573e8752-d8aa-448f-88a8-529afa1e4c3d" />
      <TestMethod codeBase="/home/runner/work/DAoCLogWatcher/DAoCLogWatcher/DAoCLogWatcher.Tests/bin/Release/net10.0/DAoCLogWatcher.Tests.dll" adapterTypeName="executor://xunit/VsTestRunner3/netcore/" className="DAoCLogWatcher.Tests.UI.Models.RealmPointSummaryTests" name="RpsPerHour_WithNoEntries_ReturnsZero" />
    </UnitTest>
    <UnitTest name="DAoCLogWatcher.Tests.Core.Parsing.RealmPointParserTests.TryParse_ValidRealmPointLine_ParsesCorrectly(line: &quot;[19:45:12] You get 50 realm points for support act&quot;···, expectedPoints: 50, expectedSource: SupportActivity)" storage="/home/runner/work/daoclogwatcher/daoclogwatcher/daoclogwatcher.tests/bin/release/net10.0/daoclogwatcher.tests.dll" id="f2ee9765-8974-0aab-c5ba-67f79b1843b4">
      <Execution id="c32ce85b-ca04-4e65-be73-293434a44ae4" />
      <TestMethod codeBase="/home/runner/work/DAoCLogWatcher/DAoCLogWatcher/DAoCLogWatcher.Tests/bin/Release/net10.0/DAoCLogWatcher.Tests.dll" adapterTypeName="executor://xunit/VsTestRunner3/netcore/" className="DAoCLogWatcher.Tests.Core.Parsing.RealmPointParserTests" name="TryParse_ValidRealmPointLine_ParsesCorrectly" />
    </UnitTest>
    <UnitTest name="DAoCLogWatcher.Tests.Core.Parsing.RealmPointParserTests.TryParse_ValidRealmPointLine_ParsesCorrectly(line: &quot;[08:15:42] You get 100 realm points for Assault Or&quot;···, expectedPoints: 100, expectedSource: AssaultOrder)" storage="/home/runner/work/daoclogwatcher/daoclogwatcher/daoclogwatcher.tests/bin/release/net10.0/daoclogwatcher.tests.dll" id="dfe23dd7-51ae-5887-37df-aa21af6388ee">
      <Execution id="c5e6e31d-4a69-4940-a1cb-0bc934b351c8" />
      <TestMethod codeBase="/home/runner/work/DAoCLogWatcher/DAoCLogWatcher/DAoCLogWatcher.Tests/bin/Release/net10.0/DAoCLogWatcher.Tests.dll" adapterTypeName="executor://xunit/VsTestRunner3/netcore/" className="DAoCLogWatcher.Tests.Core.Parsing.RealmPointParserTests" name="TryParse_ValidRealmPointLine_ParsesCorrectly" />
    </UnitTest>
    <UnitTest name="DAoCLogWatcher.Tests.Core.LogWatcherTests.WatchAsync_NewContentAppended_DetectsChanges" storage="/home/runner/work/daoclogwatcher/daoclogwatcher/daoclogwatcher.tests/bin/release/net10.0/daoclogwatcher.tests.dll" id="d1867eb4-4b72-42e4-529a-612c7fab1a72">
      <Execution id="61f55315-b302-478d-8924-fe8e1cd8731f" />
      <TestMethod codeBase="/home/runner/work/DAoCLogWatcher/DAoCLogWatcher/DAoCLogWatcher.Tests/bin/Release/net10.0/DAoCLogWatcher.Tests.dll" adapterTypeName="executor://xunit/VsTestRunner3/netcore/" className="DAoCLogWatcher.Tests.Core.LogWatcherTests" name="WatchAsync_NewContentAppended_DetectsChanges" />
    </UnitTest>
    <UnitTest name="DAoCLogWatcher.Tests.UI.Models.RealmPointSummaryTests.RpsPerHour_WithIdenticalTimestamps_Old_UsesLastAsEnd" storage="/home/runner/work/daoclogwatcher/daoclogwatcher/daoclogwatcher.tests/bin/release/net10.0/daoclogwatcher.tests.dll" id="2b0bf5c3-c61b-8e65-54ea-fd304848228e">
      <Execution id="d94b3a16-05c6-48d6-9f29-8782e10fd9c0" />
      <TestMethod codeBase="/home/runner/work/DAoCLogWatcher/DAoCLogWatcher/DAoCLogWatcher.Tests/bin/Release/net10.0/DAoCLogWatcher.Tests.dll" adapterTypeName="executor://xunit/VsTestRunner3/netcore/" className="DAoCLogWatcher.Tests.UI.Models.RealmPointSummaryTests" name="RpsPerHour_WithIdenticalTimestamps_Old_UsesLastAsEnd" />
    </UnitTest>
    <UnitTest name="DAoCLogWatcher.Tests.Core.Parsing.RealmPointParserTests.TryParse_BonusLines_AreSkipped(bonusLine: &quot;[12:34:56] You get an additional 50 realm points f&quot;···)" storage="/home/runner/work/daoclogwatcher/daoclogwatcher/daoclogwatcher.tests/bin/release/net10.0/daoclogwatcher.tests.dll" id="2aa8e300-d38c-3e9e-af9f-4e1a0fffbd28">
      <Execution id="211e6b5f-1c6c-4e69-8bbc-bbb6a83a3317" />
      <TestMethod codeBase="/home/runner/work/DAoCLogWatcher/DAoCLogWatcher/DAoCLogWatcher.Tests/bin/Release/net10.0/DAoCLogWatcher.Tests.dll" adapterTypeName="executor://xunit/VsTestRunner3/netcore/" className="DAoCLogWatcher.Tests.Core.Parsing.RealmPointParserTests" name="TryParse_BonusLines_AreSkipped" />
    </UnitTest>
    <UnitTest name="DAoCLogWatcher.Tests.Core.CharacterDiscoveryServiceTests.GetCharacterNames_SameNameMultipleServerSuffixes_DeduplicatesToOne" storage="/home/runner/work/daoclogwatcher/daoclogwatcher/daoclogwatcher.tests/bin/release/net10.0/daoclogwatcher.tests.dll" id="7c790599-1af2-743d-4346-13b25bcdf597">
      <Execution id="7f47f024-4853-48b3-9a51-7b6b4a845c9d" />
      <TestMethod codeBase="/home/runner/work/DAoCLogWatcher/DAoCLogWatcher/DAoCLogWatcher.Tests/bin/Release/net10.0/DAoCLogWatcher.Tests.dll" adapterTypeName="executor://xunit/VsTestRunner3/netcore/" className="DAoCLogWatcher.Tests.Core.CharacterDiscoveryServiceTests" name="GetCharacterNames_SameNameMultipleServerSuffixes_DeduplicatesToOne" />
    </UnitTest>
    <UnitTest name="DAoCLogWatcher.Tests.Core.CharacterDiscoveryServiceTests.GetCharacterNames_MultipleCharacters_ReturnsSortedAlphabetically" storage="/home/runner/work/daoclogwatcher/daoclogwatcher/daoclogwatcher.tests/bin/release/net10.0/daoclogwatcher.tests.dll" id="76d1a8df-f27f-61ce-11aa-abf0c46692e9">
      <Execution id="2c01157f-3eb1-4a46-8201-627e62680ee2" />
      <TestMethod codeBase="/home/runner/work/DAoCLogWatcher/DAoCLogWatcher/DAoCLogWatcher.Tests/bin/Release/net10.0/DAoCLogWatcher.Tests.dll" adapterTypeName="executor://xunit/VsTestRunner3/netcore/" className="DAoCLogWatcher.Tests.Core.CharacterDiscoveryServiceTests" name="GetCharacterNames_MultipleCharacters_ReturnsSortedAlphabetically" />
    </UnitTest>
    <UnitTest name="DAoCLogWatcher.Tests.Core.Parsing.RealmPointParserTests.TryParse_BonusLines_AreSkipped(bonusLine: &quot;[12:34:56] You get an additional 100 realm points &quot;···)" storage="/home/runner/work/daoclogwatcher/daoclogwatcher/daoclogwatcher.tests/bin/release/net10.0/daoclogwatcher.tests.dll" id="47e15ff6-46fa-520b-65f0-081b1fc5e6ed">
      <Execution id="1e2d9baf-4c70-4575-9e1f-7ab5e1f5f228" />
      <TestMethod codeBase="/home/runner/work/DAoCLogWatcher/DAoCLogWatcher/DAoCLogWatcher.Tests/bin/Release/net10.0/DAoCLogWatcher.Tests.dll" adapterTypeName="executor://xunit/VsTestRunner3/netcore/" className="DAoCLogWatcher.Tests.Core.Parsing.RealmPointParserTests" name="TryParse_BonusLines_AreSkipped" />
    </UnitTest>
    <UnitTest name="DAoCLogWatcher.Tests.UI.Models.RealmPointSummaryTests.Integration_RealisticScenario_PercentagesAreValid(total: 1000, kills: 300, quests: 200, ticks: 200, siege: 150, assault: 50, support: 50, relic: 25, unknown: 25)" storage="/home/runner/work/daoclogwatcher/daoclogwatcher/daoclogwatcher.tests/bin/release/net10.0/daoclogwatcher.tests.dll" id="7e3c9b3f-7a60-264c-122a-b61882268d02">
      <Execution id="c5b749a8-fe63-48a6-b37c-094c5ec5111b" />
      <TestMethod codeBase="/home/runner/work/DAoCLogWatcher/DAoCLogWatcher/DAoCLogWatcher.Tests/bin/Release/net10.0/DAoCLogWatcher.Tests.dll" adapterTypeName="executor://xunit/VsTestRunner3/netcore/" className="DAoCLogWatcher.Tests.UI.Models.RealmPointSummaryTests" name="Integration_RealisticScenario_PercentagesAreValid" />
    </UnitTest>
    <UnitTest name="DAoCLogWatcher.Tests.Core.Parsing.RealmPointParserTests.TryParse_InvalidLines_ReturnsFalse(line: &quot;[12:34:56] You killed an enemy&quot;)" storage="/home/runner/work/daoclogwatcher/daoclogwatcher/daoclogwatcher.tests/bin/release/net10.0/daoclogwatcher.tests.dll" id="6fdae658-0190-49b8-6dbd-2bded030bcc6">
      <Execution id="cef9fa17-947f-4174-90a5-def5a62aef9b" />
      <TestMethod codeBase="/home/runner/work/DAoCLogWatcher/DAoCLogWatcher/DAoCLogWatcher.Tests/bin/Release/net10.0/DAoCLogWatcher.Tests.dll" adapterTypeName="executor://xunit/VsTestRunner3/netcore/" className="DAoCLogWatcher.Tests.Core.Parsing.RealmPointParserTests" name="TryParse_InvalidLines_ReturnsFalse" />
    </UnitTest>
    <UnitTest name="DAoCLogWatcher.Tests.Core.LogWatcherTests.DisposeAsync_CanBeCalledMultipleTimes" storage="/home/runner/work/daoclogwatcher/daoclogwatcher/daoclogwatcher.tests/bin/release/net10.0/daoclogwatcher.tests.dll" id="17f29363-47a7-4e50-d589-6723c51056a8">
      <Execution id="e7dab64f-3fef-411b-91f6-d7f4c27ddfdb" />
      <TestMethod codeBase="/home/runner/work/DAoCLogWatcher/DAoCLogWatcher/DAoCLogWatcher.Tests/bin/Release/net10.0/DAoCLogWatcher.Tests.dll" adapterTypeName="executor://xunit/VsTestRunner3/netcore/" className="DAoCLogWatcher.Tests.Core.LogWatcherTests" name="DisposeAsync_CanBeCalledMultipleTimes" />
    </UnitTest>
    <UnitTest name="DAoCLogWatcher.Tests.Core.LogWatcherTests.Constructor_NullOrEmptyPath_ThrowsArgumentException" storage="/home/runner/work/daoclogwatcher/daoclogwatcher/daoclogwatcher.tests/bin/release/net10.0/daoclogwatcher.tests.dll" id="0eeacb40-0780-4fda-45c2-35c983d4aa88">
      <Execution id="6ca48197-575f-4ce8-bf38-84199dc9d4c4" />
      <TestMethod codeBase="/home/runner/work/DAoCLogWatcher/DAoCLogWatcher/DAoCLogWatcher.Tests/bin/Release/net10.0/DAoCLogWatcher.Tests.dll" adapterTypeName="executor://xunit/VsTestRunner3/netcore/" className="DAoCLogWatcher.Tests.Core.LogWatcherTests" name="Constructor_NullOrEmptyPath_ThrowsArgumentException" />
    </UnitTest>
    <UnitTest name="DAoCLogWatcher.Tests.UI.Models.RealmPointSummaryTests.Percentages_SumTo100_ForVariousValidDistributions(total: 10000, kills: 3000, quests: 2000, ticks: 2500, siege: 1500, assault: 500, support: 300, relic: 200, unknown: 0)" storage="/home/runner/work/daoclogwatcher/daoclogwatcher/daoclogwatcher.tests/bin/release/net10.0/daoclogwatcher.tests.dll" id="b1d833f4-10df-b710-0797-ff3da32a4a0d">
      <Execution id="9009db6e-83ae-48bc-b979-d4ff353892b9" />
      <TestMethod codeBase="/home/runner/work/DAoCLogWatcher/DAoCLogWatcher/DAoCLogWatcher.Tests/bin/Release/net10.0/DAoCLogWatcher.Tests.dll" adapterTypeName="executor://xunit/VsTestRunner3/netcore/" className="DAoCLogWatcher.Tests.UI.Models.RealmPointSummaryTests" name="Percentages_SumTo100_ForVariousValidDistributions" />
    </UnitTest>
    <UnitTest name="DAoCLogWatcher.Tests.UI.Models.RealmPointSummaryTests.BugDetection_IndividualRPsSumToTotal_ShouldBeEnforced" storage="/home/runner/work/daoclogwatcher/daoclogwatcher/daoclogwatcher.tests/bin/release/net10.0/daoclogwatcher.tests.dll" id="7e71b23a-8a44-a7a2-21b3-ff7ae1109f6e">
      <Execution id="5c0dd7c4-e042-4c1f-be30-2249f9eb63a1" />
      <TestMethod codeBase="/home/runner/work/DAoCLogWatcher/DAoCLogWatcher/DAoCLogWatcher.Tests/bin/Release/net10.0/DAoCLogWatcher.Tests.dll" adapterTypeName="executor://xunit/VsTestRunner3/netcore/" className="DAoCLogWatcher.Tests.UI.Models.RealmPointSummaryTests" name="BugDetection_IndividualRPsSumToTotal_ShouldBeEnforced" />
    </UnitTest>
    <UnitTest name="DAoCLogWatcher.Tests.Core.CharacterDiscoveryServiceTests.GetCharacterNames_DeduplicationIsCaseInsensitive" storage="/home/runner/work/daoclogwatcher/daoclogwatcher/daoclogwatcher.tests/bin/release/net10.0/daoclogwatcher.tests.dll" id="d22894f7-5c87-7d1e-1ef1-9c4557cd03c7">
      <Execution id="593f748e-91bd-4d65-8ad6-bc1df13232e5" />
      <TestMethod codeBase="/home/runner/work/DAoCLogWatcher/DAoCLogWatcher/DAoCLogWatcher.Tests/bin/Release/net10.0/DAoCLogWatcher.Tests.dll" adapterTypeName="executor://xunit/VsTestRunner3/netcore/" className="DAoCLogWatcher.Tests.Core.CharacterDiscoveryServiceTests" name="GetCharacterNames_DeduplicationIsCaseInsensitive" />
    </UnitTest>
    <UnitTest name="DAoCLogWatcher.Tests.Core.Parsing.RealmPointParserTests.TryParse_InvalidLines_ReturnsFalse(line: &quot;Random log line without RP&quot;)" storage="/home/runner/work/daoclogwatcher/daoclogwatcher/daoclogwatcher.tests/bin/release/net10.0/daoclogwatcher.tests.dll" id="36dc26b2-809b-fc9d-0d2e-f0b81c47024b">
      <Execution id="886cd242-bd66-45e2-bd93-32f8bb0e0831" />
      <TestMethod codeBase="/home/runner/work/DAoCLogWatcher/DAoCLogWatcher/DAoCLogWatcher.Tests/bin/Release/net10.0/DAoCLogWatcher.Tests.dll" adapterTypeName="executor://xunit/VsTestRunner3/netcore/" className="DAoCLogWatcher.Tests.Core.Parsing.RealmPointParserTests" name="TryParse_InvalidLines_ReturnsFalse" />
    </UnitTest>
    <UnitTest name="DAoCLogWatcher.Tests.Core.Parsing.RealmPointParserTests.TryParse_EdgeCasePoints_ParsesCorrectly(line: &quot;[12:34:56] You get 999999 realm points!&quot;, expectedPoints: 999999)" storage="/home/runner/work/daoclogwatcher/daoclogwatcher/daoclogwatcher.tests/bin/release/net10.0/daoclogwatcher.tests.dll" id="815df7d8-b523-a88d-2d7d-ef89899599eb">
      <Execution id="f8eb0a7e-df95-4e30-a2d2-1a6d9480ece3" />
      <TestMethod codeBase="/home/runner/work/DAoCLogWatcher/DAoCLogWatcher/DAoCLogWatcher.Tests/bin/Release/net10.0/DAoCLogWatcher.Tests.dll" adapterTypeName="executor://xunit/VsTestRunner3/netcore/" className="DAoCLogWatcher.Tests.Core.Parsing.RealmPointParserTests" name="TryParse_EdgeCasePoints_ParsesCorrectly" />
    </UnitTest>
    <UnitTest name="DAoCLogWatcher.Tests.Core.Parsing.RealmPointParserTests.TryParse_PlayerKillLine_RequiresTwoLineSequence(line: &quot;[12:34:56] You get 1234 realm points!&quot;)" storage="/home/runner/work/daoclogwatcher/daoclogwatcher/daoclogwatcher.tests/bin/release/net10.0/daoclogwatcher.tests.dll" id="2a18aeec-9491-b255-6110-40df77229c58">
      <Execution id="0268c1d8-8923-4051-85b0-11eb67b5e975" />
      <TestMethod codeBase="/home/runner/work/DAoCLogWatcher/DAoCLogWatcher/DAoCLogWatcher.Tests/bin/Release/net10.0/DAoCLogWatcher.Tests.dll" adapterTypeName="executor://xunit/VsTestRunner3/netcore/" className="DAoCLogWatcher.Tests.Core.Parsing.RealmPointParserTests" name="TryParse_PlayerKillLine_RequiresTwoLineSequence" />
    </UnitTest>
    <UnitTest name="DAoCLogWatcher.Tests.Core.Parsing.RealmPointParserTests.TryParse_SiegeCaptureSequence_ParsesCorrectly" storage="/home/runner/work/daoclogwatcher/daoclogwatcher/daoclogwatcher.tests/bin/release/net10.0/daoclogwatcher.tests.dll" id="b9b695c4-1e2c-3ee0-90b3-de32efbced6c">
      <Execution id="649c2ddd-abc7-421c-aacf-f337e09c7aec" />
      <TestMethod codeBase="/home/runner/work/DAoCLogWatcher/DAoCLogWatcher/DAoCLogWatcher.Tests/bin/Release/net10.0/DAoCLogWatcher.Tests.dll" adapterTypeName="executor://xunit/VsTestRunner3/netcore/" className="DAoCLogWatcher.Tests.Core.Parsing.RealmPointParserTests" name="TryParse_SiegeCaptureSequence_ParsesCorrectly" />
    </UnitTest>
    <UnitTest name="DAoCLogWatcher.Tests.Core.LogWatcherTests.WatchAsync_QuickLogReopen_PreservesSessionStart" storage="/home/runner/work/daoclogwatcher/daoclogwatcher/daoclogwatcher.tests/bin/release/net10.0/daoclogwatcher.tests.dll" id="245a6fe8-b4bf-a1bb-2cbe-7c6e0f80a0f9">
      <Execution id="7c3d9373-2cce-45c6-8aa6-89ea7fa5b7da" />
      <TestMethod codeBase="/home/runner/work/DAoCLogWatcher/DAoCLogWatcher/DAoCLogWatcher.Tests/bin/Release/net10.0/DAoCLogWatcher.Tests.dll" adapterTypeName="executor://xunit/VsTestRunner3/netcore/" className="DAoCLogWatcher.Tests.Core.LogWatcherTests" name="WatchAsync_QuickLogReopen_PreservesSessionStart" />
    </UnitTest>
    <UnitTest name="DAoCLogWatcher.Tests.Core.Parsing.RealmPointParserTests.TryParse_StateMachine_ResetsAfterEmission" storage="/home/runner/work/daoclogwatcher/daoclogwatcher/daoclogwatcher.tests/bin/release/net10.0/daoclogwatcher.tests.dll" id="53547ac3-101e-caf9-ef82-f341e5e545f9">
      <Execution id="04e3c58a-6167-451f-9763-b616c6d4b274" />
      <TestMethod codeBase="/home/runner/work/DAoCLogWatcher/DAoCLogWatcher/DAoCLogWatcher.Tests/bin/Release/net10.0/DAoCLogWatcher.Tests.dll" adapterTypeName="executor://xunit/VsTestRunner3/netcore/" className="DAoCLogWatcher.Tests.Core.Parsing.RealmPointParserTests" name="TryParse_StateMachine_ResetsAfterEmission" />
    </UnitTest>
    <UnitTest name="DAoCLogWatcher.Tests.Core.Parsing.RealmPointParserTests.TryParse_ValidRealmPointLine_ParsesCorrectly(line: &quot;[14:22:33] You get 2500 realm points for Battle Ti&quot;···, expectedPoints: 2500, expectedSource: Tick)" storage="/home/runner/work/daoclogwatcher/daoclogwatcher/daoclogwatcher.tests/bin/release/net10.0/daoclogwatcher.tests.dll" id="0b128dc2-3444-949e-ce21-2dbb67bb3ca5">
      <Execution id="9bb4cfc0-e085-46b2-a053-ebfa2e3c418a" />
      <TestMethod codeBase="/home/runner/work/DAoCLogWatcher/DAoCLogWatcher/DAoCLogWatcher.Tests/bin/Release/net10.0/DAoCLogWatcher.Tests.dll" adapterTypeName="executor://xunit/VsTestRunner3/netcore/" className="DAoCLogWatcher.Tests.Core.Parsing.RealmPointParserTests" name="TryParse_ValidRealmPointLine_ParsesCorrectly" />
    </UnitTest>
    <UnitTest name="DAoCLogWatcher.Tests.Core.CharacterDiscoveryServiceTests.GetCharacterNames_NonExistentDirectory_ReturnsEmpty" storage="/home/runner/work/daoclogwatcher/daoclogwatcher/daoclogwatcher.tests/bin/release/net10.0/daoclogwatcher.tests.dll" id="6a6ae5ce-3e02-c790-9957-8b79df0f7144">
      <Execution id="1e1d05c1-e536-464e-b7a5-b08914e66f45" />
      <TestMethod codeBase="/home/runner/work/DAoCLogWatcher/DAoCLogWatcher/DAoCLogWatcher.Tests/bin/Release/net10.0/DAoCLogWatcher.Tests.dll" adapterTypeName="executor://xunit/VsTestRunner3/netcore/" className="DAoCLogWatcher.Tests.Core.CharacterDiscoveryServiceTests" name="GetCharacterNames_NonExistentDirectory_ReturnsEmpty" />
    </UnitTest>
    <UnitTest name="DAoCLogWatcher.Tests.Core.CharacterDiscoveryServiceTests.GetCharacterNames_NonIniFiles_AreIgnored" storage="/home/runner/work/daoclogwatcher/daoclogwatcher/daoclogwatcher.tests/bin/release/net10.0/daoclogwatcher.tests.dll" id="2985b03d-32c5-2727-1ae6-cedf0f3f2e49">
      <Execution id="054d9808-6acd-4da9-af18-a35b146bc8d0" />
      <TestMethod codeBase="/home/runner/work/DAoCLogWatcher/DAoCLogWatcher/DAoCLogWatcher.Tests/bin/Release/net10.0/DAoCLogWatcher.Tests.dll" adapterTypeName="executor://xunit/VsTestRunner3/netcore/" className="DAoCLogWatcher.Tests.Core.CharacterDiscoveryServiceTests" name="GetCharacterNames_NonIniFiles_AreIgnored" />
    </UnitTest>
    <UnitTest name="DAoCLogWatcher.Tests.Core.Parsing.RealmPointParserTests.TryParse_EdgeCasePoints_ParsesCorrectly(line: &quot;[12:34:56] You get 0 realm points!&quot;, expectedPoints: 0)" storage="/home/runner/work/daoclogwatcher/daoclogwatcher/daoclogwatcher.tests/bin/release/net10.0/daoclogwatcher.tests.dll" id="fe14cfe9-ee0c-2547-185d-54197b3bc90e">
      <Execution id="1c61dd97-86ff-40d4-be9f-32d9f907f0a7" />
      <TestMethod codeBase="/home/runner/work/DAoCLogWatcher/DAoCLogWatcher/DAoCLogWatcher.Tests/bin/Release/net10.0/DAoCLogWatcher.Tests.dll" adapterTypeName="executor://xunit/VsTestRunner3/netcore/" className="DAoCLogWatcher.Tests.Core.Parsing.RealmPointParserTests" name="TryParse_EdgeCasePoints_ParsesCorrectly" />
    </UnitTest>
    <UnitTest name="DAoCLogWatcher.Tests.UI.Models.RealmPointSummaryTests.Integration_RealisticScenario_PercentagesAreValid(total: 500, kills: 100, quests: 100, ticks: 100, siege: 100, assault: 50, support: 25, relic: 15, unknown: 10)" storage="/home/runner/work/daoclogwatcher/daoclogwatcher/daoclogwatcher.tests/bin/release/net10.0/daoclogwatcher.tests.dll" id="3055b825-2345-68aa-c408-efb5aaa39b0a">
      <Execution id="f5219ead-8030-4ffd-886a-d8929013d068" />
      <TestMethod codeBase="/home/runner/work/DAoCLogWatcher/DAoCLogWatcher/DAoCLogWatcher.Tests/bin/Release/net10.0/DAoCLogWatcher.Tests.dll" adapterTypeName="executor://xunit/VsTestRunner3/netcore/" className="DAoCLogWatcher.Tests.UI.Models.RealmPointSummaryTests" name="Integration_RealisticScenario_PercentagesAreValid" />
    </UnitTest>
    <UnitTest name="DAoCLogWatcher.Tests.UI.Models.RealmPointSummaryTests.Percentages_ShouldSumTo100_WhenAllRPsAccountedFor" storage="/home/runner/work/daoclogwatcher/daoclogwatcher/daoclogwatcher.tests/bin/release/net10.0/daoclogwatcher.tests.dll" id="42408dbd-1912-2cb8-ed8c-1e00f2b0deba">
      <Execution id="f455d203-5146-41c3-bc2f-c5900dc33837" />
      <TestMethod codeBase="/home/runner/work/DAoCLogWatcher/DAoCLogWatcher/DAoCLogWatcher.Tests/bin/Release/net10.0/DAoCLogWatcher.Tests.dll" adapterTypeName="executor://xunit/VsTestRunner3/netcore/" className="DAoCLogWatcher.Tests.UI.Models.RealmPointSummaryTests" name="Percentages_ShouldSumTo100_WhenAllRPsAccountedFor" />
    </UnitTest>
    <UnitTest name="DAoCLogWatcher.Tests.Core.CharacterDiscoveryServiceTests.GetCharacterNames_SingleFileWithSuffix_ReturnsStrippedName" storage="/home/runner/work/daoclogwatcher/daoclogwatcher/daoclogwatcher.tests/bin/release/net10.0/daoclogwatcher.tests.dll" id="5d8e610d-f1da-7925-80cd-d59deeb57eff">
      <Execution id="99bd4aab-36b6-4ddb-baa1-4cec1021d4c0" />
      <TestMethod codeBase="/home/runner/work/DAoCLogWatcher/DAoCLogWatcher/DAoCLogWatcher.Tests/bin/Release/net10.0/DAoCLogWatcher.Tests.dll" adapterTypeName="executor://xunit/VsTestRunner3/netcore/" className="DAoCLogWatcher.Tests.Core.CharacterDiscoveryServiceTests" name="GetCharacterNames_SingleFileWithSuffix_ReturnsStrippedName" />
    </UnitTest>
    <UnitTest name="DAoCLogWatcher.Tests.Integration.EndToEndTests.FullFlow_WithBonusLines_ExcludesFromTotal" storage="/home/runner/work/daoclogwatcher/daoclogwatcher/daoclogwatcher.tests/bin/release/net10.0/daoclogwatcher.tests.dll" id="75ee2526-ba59-c614-cdd7-e8fd54f2aad5">
      <Execution id="c54af948-d31c-45bf-bdd1-55dc9fd3cf9c" />
      <TestMethod codeBase="/home/runner/work/DAoCLogWatcher/DAoCLogWatcher/DAoCLogWatcher.Tests/bin/Release/net10.0/DAoCLogWatcher.Tests.dll" adapterTypeName="executor://xunit/VsTestRunner3/netcore/" className="DAoCLogWatcher.Tests.Integration.EndToEndTests" name="FullFlow_WithBonusLines_ExcludesFromTotal" />
    </UnitTest>
    <UnitTest name="DAoCLogWatcher.Tests.Core.Parsing.RealmPointParserTests.TryParse_InvalidLines_ReturnsFalse(line: &quot;   &quot;)" storage="/home/runner/work/daoclogwatcher/daoclogwatcher/daoclogwatcher.tests/bin/release/net10.0/daoclogwatcher.tests.dll" id="f52fbea0-89ac-2d64-10ad-23f661a18822">
      <Execution id="68b61cc4-32d3-42e7-a67e-cc2e335c66ae" />
      <TestMethod codeBase="/home/runner/work/DAoCLogWatcher/DAoCLogWatcher/DAoCLogWatcher.Tests/bin/Release/net10.0/DAoCLogWatcher.Tests.dll" adapterTypeName="executor://xunit/VsTestRunner3/netcore/" className="DAoCLogWatcher.Tests.Core.Parsing.RealmPointParserTests" name="TryParse_InvalidLines_ReturnsFalse" />
    </UnitTest>
    <UnitTest name="DAoCLogWatcher.Tests.Core.Parsing.RealmPointParserTests.TryParse_TimestampParsing_ExtractsCorrectTime" storage="/home/runner/work/daoclogwatcher/daoclogwatcher/daoclogwatcher.tests/bin/release/net10.0/daoclogwatcher.tests.dll" id="7ab1057c-0f49-36e9-d869-67a6342f285d">
      <Execution id="da930aa8-035e-4495-8cc2-1b28e51d6397" />
      <TestMethod codeBase="/home/runner/work/DAoCLogWatcher/DAoCLogWatcher/DAoCLogWatcher.Tests/bin/Release/net10.0/DAoCLogWatcher.Tests.dll" adapterTypeName="executor://xunit/VsTestRunner3/netcore/" className="DAoCLogWatcher.Tests.Core.Parsing.RealmPointParserTests" name="TryParse_TimestampParsing_ExtractsCorrectTime" />
    </UnitTest>
    <UnitTest name="DAoCLogWatcher.Tests.UI.Models.RealmPointSummaryTests.Percentages_WhenTotalIsZero_ReturnsZero" storage="/home/runner/work/daoclogwatcher/daoclogwatcher/daoclogwatcher.tests/bin/release/net10.0/daoclogwatcher.tests.dll" id="5d081a38-bb96-14d5-4283-9f629a9a6842">
      <Execution id="b96962a9-ecf9-4746-8de8-d3a49048f408" />
      <TestMethod codeBase="/home/runner/work/DAoCLogWatcher/DAoCLogWatcher/DAoCLogWatcher.Tests/bin/Release/net10.0/DAoCLogWatcher.Tests.dll" adapterTypeName="executor://xunit/VsTestRunner3/netcore/" className="DAoCLogWatcher.Tests.UI.Models.RealmPointSummaryTests" name="Percentages_WhenTotalIsZero_ReturnsZero" />
    </UnitTest>
    <UnitTest name="DAoCLogWatcher.Tests.Core.LogWatcherTests.WatchAsync_NonExistentFile_ThrowsFileNotFoundException" storage="/home/runner/work/daoclogwatcher/daoclogwatcher/daoclogwatcher.tests/bin/release/net10.0/daoclogwatcher.tests.dll" id="c5899f2c-b5d5-d248-5252-71d8f1116fe1">
      <Execution id="fea05f80-840a-4467-87f0-9d9929161804" />
      <TestMethod codeBase="/home/runner/work/DAoCLogWatcher/DAoCLogWatcher/DAoCLogWatcher.Tests/bin/Release/net10.0/DAoCLogWatcher.Tests.dll" adapterTypeName="executor://xunit/VsTestRunner3/netcore/" className="DAoCLogWatcher.Tests.Core.LogWatcherTests" name="WatchAsync_NonExistentFile_ThrowsFileNotFoundException" />
    </UnitTest>
    <UnitTest name="DAoCLogWatcher.Tests.Integration.EndToEndTests.FullFlow_EmptyLog_HandlesGracefully" storage="/home/runner/work/daoclogwatcher/daoclogwatcher/daoclogwatcher.tests/bin/release/net10.0/daoclogwatcher.tests.dll" id="489bc936-435b-d2ea-b9d3-495fdc3e9c6c">
      <Execution id="140c132c-052f-41f2-859c-654e0522004c" />
      <TestMethod codeBase="/home/runner/work/DAoCLogWatcher/DAoCLogWatcher/DAoCLogWatcher.Tests/bin/Release/net10.0/DAoCLogWatcher.Tests.dll" adapterTypeName="executor://xunit/VsTestRunner3/netcore/" className="DAoCLogWatcher.Tests.Integration.EndToEndTests" name="FullFlow_EmptyLog_HandlesGracefully" />
    </UnitTest>
    <UnitTest name="DAoCLogWatcher.Tests.UI.Models.RealmPointSummaryTests.RpsPerHour_WithOneHourSession_CalculatesCorrectly" storage="/home/runner/work/daoclogwatcher/daoclogwatcher/daoclogwatcher.tests/bin/release/net10.0/daoclogwatcher.tests.dll" id="427c013e-b54d-e4ee-1e90-016993964386">
      <Execution id="744fc396-57fb-401c-aabf-144cbb850816" />
      <TestMethod codeBase="/home/runner/work/DAoCLogWatcher/DAoCLogWatcher/DAoCLogWatcher.Tests/bin/Release/net10.0/DAoCLogWatcher.Tests.dll" adapterTypeName="executor://xunit/VsTestRunner3/netcore/" className="DAoCLogWatcher.Tests.UI.Models.RealmPointSummaryTests" name="RpsPerHour_WithOneHourSession_CalculatesCorrectly" />
    </UnitTest>
    <UnitTest name="DAoCLogWatcher.Tests.Integration.EndToEndTests.FullFlow_WithOnlyPlayerKills_Percentage100" storage="/home/runner/work/daoclogwatcher/daoclogwatcher/daoclogwatcher.tests/bin/release/net10.0/daoclogwatcher.tests.dll" id="e58c7a59-9074-5631-0dfe-129dc82b276d">
      <Execution id="56e559da-bbad-401d-802d-e7c105f6b223" />
      <TestMethod codeBase="/home/runner/work/DAoCLogWatcher/DAoCLogWatcher/DAoCLogWatcher.Tests/bin/Release/net10.0/DAoCLogWatcher.Tests.dll" adapterTypeName="executor://xunit/VsTestRunner3/netcore/" className="DAoCLogWatcher.Tests.Integration.EndToEndTests" name="FullFlow_WithOnlyPlayerKills_Percentage100" />
    </UnitTest>
    <UnitTest name="DAoCLogWatcher.Tests.Core.LogWatcherTests.WatchAsync_CancellationToken_StopsWatching" storage="/home/runner/work/daoclogwatcher/daoclogwatcher/daoclogwatcher.tests/bin/release/net10.0/daoclogwatcher.tests.dll" id="b2bef86c-58bc-bb77-1139-f754bc39c237">
      <Execution id="d84b716b-6a88-4a99-98d7-91728659828a" />
      <TestMethod codeBase="/home/runner/work/DAoCLogWatcher/DAoCLogWatcher/DAoCLogWatcher.Tests/bin/Release/net10.0/DAoCLogWatcher.Tests.dll" adapterTypeName="executor://xunit/VsTestRunner3/netcore/" className="DAoCLogWatcher.Tests.Core.LogWatcherTests" name="WatchAsync_CancellationToken_StopsWatching" />
    </UnitTest>
    <UnitTest name="DAoCLogWatcher.Tests.UI.Models.RealmPointSummaryTests.Percentages_WithVariousRPAmounts_CalculateCorrectly" storage="/home/runner/work/daoclogwatcher/daoclogwatcher/daoclogwatcher.tests/bin/release/net10.0/daoclogwatcher.tests.dll" id="e7bde520-a13f-9470-0f7b-cc42192057a7">
      <Execution id="e1f5344f-aba1-4112-8169-ca70139d8991" />
      <TestMethod codeBase="/home/runner/work/DAoCLogWatcher/DAoCLogWatcher/DAoCLogWatcher.Tests/bin/Release/net10.0/DAoCLogWatcher.Tests.dll" adapterTypeName="executor://xunit/VsTestRunner3/netcore/" className="DAoCLogWatcher.Tests.UI.Models.RealmPointSummaryTests" name="Percentages_WithVariousRPAmounts_CalculateCorrectly" />
    </UnitTest>
    <UnitTest name="DAoCLogWatcher.Tests.Integration.EndToEndTests.FullFlow_WithAllRPSources_ValidDistribution" storage="/home/runner/work/daoclogwatcher/daoclogwatcher/daoclogwatcher.tests/bin/release/net10.0/daoclogwatcher.tests.dll" id="3dbc9314-9b6b-dee4-ebe1-efe28102a556">
      <Execution id="99297a3e-33ba-41a8-92b1-c33cb4b9cb57" />
      <TestMethod codeBase="/home/runner/work/DAoCLogWatcher/DAoCLogWatcher/DAoCLogWatcher.Tests/bin/Release/net10.0/DAoCLogWatcher.Tests.dll" adapterTypeName="executor://xunit/VsTestRunner3/netcore/" className="DAoCLogWatcher.Tests.Integration.EndToEndTests" name="FullFlow_WithAllRPSources_ValidDistribution" />
    </UnitTest>
    <UnitTest name="DAoCLogWatcher.Tests.Core.LogWatcherTests.WatchAsync_EmptyFile_WaitsForContent" storage="/home/runner/work/daoclogwatcher/daoclogwatcher/daoclogwatcher.tests/bin/release/net10.0/daoclogwatcher.tests.dll" id="9d39318e-cb17-c7d5-e5aa-1689bbc70f15">
      <Execution id="2f27e2f1-94a9-48fd-b5f9-fbccb09fb4eb" />
      <TestMethod codeBase="/home/runner/work/DAoCLogWatcher/DAoCLogWatcher/DAoCLogWatcher.Tests/bin/Release/net10.0/DAoCLogWatcher.Tests.dll" adapterTypeName="executor://xunit/VsTestRunner3/netcore/" className="DAoCLogWatcher.Tests.Core.LogWatcherTests" name="WatchAsync_EmptyFile_WaitsForContent" />
    </UnitTest>
    <UnitTest name="DAoCLogWatcher.Tests.Integration.EndToEndTests.FullFlow_WithMixedRPSources_PercentagesSumTo100" storage="/home/runner/work/daoclogwatcher/daoclogwatcher/daoclogwatcher.tests/bin/release/net10.0/daoclogwatcher.tests.dll" id="05d34dda-3b44-10ab-593f-20096983882f">
      <Execution id="2653f39d-04b5-4649-b769-afd516e10c4d" />
      <TestMethod codeBase="/home/runner/work/DAoCLogWatcher/DAoCLogWatcher/DAoCLogWatcher.Tests/bin/Release/net10.0/DAoCLogWatcher.Tests.dll" adapterTypeName="executor://xunit/VsTestRunner3/netcore/" className="DAoCLogWatcher.Tests.Integration.EndToEndTests" name="FullFlow_WithMixedRPSources_PercentagesSumTo100" />
    </UnitTest>
  </TestDefinitions>
  <TestEntries>
    <TestEntry testId="2985b03d-32c5-2727-1ae6-cedf0f3f2e49" executionId="054d9808-6acd-4da9-af18-a35b146bc8d0" testListId="8c84fa94-04c1-424b-9868-57a2d4851a1d" />
    <TestEntry testId="f52fbea0-89ac-2d64-10ad-23f661a18822" executionId="68b61cc4-32d3-42e7-a67e-cc2e335c66ae" testListId="8c84fa94-04c1-424b-9868-57a2d4851a1d" />
    <TestEntry testId="00b5c8e8-9805-327b-a9ef-0c864410453b" executionId="1977f2ea-429d-46e7-8c72-70ded669d914" testListId="8c84fa94-04c1-424b-9868-57a2d4851a1d" />
    <TestEntry testId="76d1a8df-f27f-61ce-11aa-abf0c46692e9" executionId="2c01157f-3eb1-4a46-8201-627e62680ee2" testListId="8c84fa94-04c1-424b-9868-57a2d4851a1d" />
    <TestEntry testId="09f9c74d-9a72-a041-85c2-1de361727141" executionId="2cf1a890-63e1-45ff-94f2-7d629eba23b2" testListId="8c84fa94-04c1-424b-9868-57a2d4851a1d" />
    <TestEntry testId="b9b695c4-1e2c-3ee0-90b3-de32efbced6c" executionId="649c2ddd-abc7-421c-aacf-f337e09c7aec" testListId="8c84fa94-04c1-424b-9868-57a2d4851a1d" />
    <TestEntry testId="504631d4-f9a0-58fd-e40d-ccef612bb18a" executionId="352c3182-179e-46ed-855d-524f4fd9df47" testListId="8c84fa94-04c1-424b-9868-57a2d4851a1d" />
    <TestEntry testId="059bd4fe-62d1-3cfc-ddb9-f385b7591663" executionId="0dc119f4-5a03-4fca-8cc3-17968675f437" testListId="8c84fa94-04c1-424b-9868-57a2d4851a1d" />
    <TestEntry testId="f2ee9765-8974-0aab-c5ba-67f79b1843b4" executionId="c32ce85b-ca04-4e65-be73-293434a44ae4" testListId="8c84fa94-04c1-424b-9868-57a2d4851a1d" />
    <TestEntry testId="0d36f395-f8f3-41b8-0faf-27d8c8603e41" executionId="7fa083cd-04d7-4db8-9dca-142356ed6b22" testListId="8c84fa94-04c1-424b-9868-57a2d4851a1d" />
    <TestEntry testId="e79b6b42-6b4d-fc07-0575-6095b21b5617" executionId="bedb0bee-c20f-4237-b110-78f9b475f436" testListId="8c84fa94-04c1-424b-9868-57a2d4851a1d" />
    <TestEntry testId="489bc936-435b-d2ea-b9d3-495fdc3e9c6c" executionId="140c132c-052f-41f2-859c-654e0522004c" testListId="8c84fa94-04c1-424b-9868-57a2d4851a1d" />
    <TestEntry testId="f2bd64cf-0d89-04d7-86a6-c6937d5d3b01" executionId="c94dcac6-78d5-4306-8467-09b4a2b38ac0" testListId="8c84fa94-04c1-424b-9868-57a2d4851a1d" />
    <TestEntry testId="e7bde520-a13f-9470-0f7b-cc42192057a7" executionId="e1f5344f-aba1-4112-8169-ca70139d8991" testListId="8c84fa94-04c1-424b-9868-57a2d4851a1d" />
    <TestEntry testId="9d39318e-cb17-c7d5-e5aa-1689bbc70f15" executionId="2f27e2f1-94a9-48fd-b5f9-fbccb09fb4eb" testListId="8c84fa94-04c1-424b-9868-57a2d4851a1d" />
    <TestEntry testId="5d081a38-bb96-14d5-4283-9f629a9a6842" executionId="b96962a9-ecf9-4746-8de8-d3a49048f408" testListId="8c84fa94-04c1-424b-9868-57a2d4851a1d" />
    <TestEntry testId="fbc258b0-7975-6038-3bd8-2f7cbe989afd" executionId="749a851a-8747-405d-83d8-0ee093074f15" testListId="8c84fa94-04c1-424b-9868-57a2d4851a1d" />
    <TestEntry testId="e58c7a59-9074-5631-0dfe-129dc82b276d" executionId="56e559da-bbad-401d-802d-e7c105f6b223" testListId="8c84fa94-04c1-424b-9868-57a2d4851a1d" />
    <TestEntry testId="75ee2526-ba59-c614-cdd7-e8fd54f2aad5" executionId="c54af948-d31c-45bf-bdd1-55dc9fd3cf9c" testListId="8c84fa94-04c1-424b-9868-57a2d4851a1d" />
    <TestEntry testId="427c013e-b54d-e4ee-1e90-016993964386" executionId="744fc396-57fb-401c-aabf-144cbb850816" testListId="8c84fa94-04c1-424b-9868-57a2d4851a1d" />
    <TestEntry testId="36dc26b2-809b-fc9d-0d2e-f0b81c47024b" executionId="886cd242-bd66-45e2-bd93-32f8bb0e0831" testListId="8c84fa94-04c1-424b-9868-57a2d4851a1d" />
    <TestEntry testId="0ee531e7-2278-a002-7e0e-40901e3a7cb4" executionId="5726d206-7389-459a-92fd-63a7f7a1a017" testListId="8c84fa94-04c1-424b-9868-57a2d4851a1d" />
    <TestEntry testId="7e71b23a-8a44-a7a2-21b3-ff7ae1109f6e" executionId="5c0dd7c4-e042-4c1f-be30-2249f9eb63a1" testListId="8c84fa94-04c1-424b-9868-57a2d4851a1d" />
    <TestEntry testId="1c93e324-adae-7c97-ee91-b5ad641ceee0" executionId="165c67ec-c3e0-43ef-bd49-e76b180d426a" testListId="8c84fa94-04c1-424b-9868-57a2d4851a1d" />
    <TestEntry testId="d0dd90be-e3db-5347-83e3-b44b5326c166" executionId="3020d36c-bf09-40c1-bda0-acc646596ad1" testListId="8c84fa94-04c1-424b-9868-57a2d4851a1d" />
    <TestEntry testId="c5899f2c-b5d5-d248-5252-71d8f1116fe1" executionId="fea05f80-840a-4467-87f0-9d9929161804" testListId="8c84fa94-04c1-424b-9868-57a2d4851a1d" />
    <TestEntry testId="245a6fe8-b4bf-a1bb-2cbe-7c6e0f80a0f9" executionId="7c3d9373-2cce-45c6-8aa6-89ea7fa5b7da" testListId="8c84fa94-04c1-424b-9868-57a2d4851a1d" />
    <TestEntry testId="53547ac3-101e-caf9-ef82-f341e5e545f9" executionId="04e3c58a-6167-451f-9763-b616c6d4b274" testListId="8c84fa94-04c1-424b-9868-57a2d4851a1d" />
    <TestEntry testId="8e25f3cf-0f1e-57b0-52bf-ef46bb225319" executionId="61096ed8-2758-4526-b5fd-9631b0d74053" testListId="8c84fa94-04c1-424b-9868-57a2d4851a1d" />
    <TestEntry testId="0eeacb40-0780-4fda-45c2-35c983d4aa88" executionId="6ca48197-575f-4ce8-bf38-84199dc9d4c4" testListId="8c84fa94-04c1-424b-9868-57a2d4851a1d" />
    <TestEntry testId="3dbc9314-9b6b-dee4-ebe1-efe28102a556" executionId="99297a3e-33ba-41a8-92b1-c33cb4b9cb57" testListId="8c84fa94-04c1-424b-9868-57a2d4851a1d" />
    <TestEntry testId="2b0bf5c3-c61b-8e65-54ea-fd304848228e" executionId="d94b3a16-05c6-48d6-9f29-8782e10fd9c0" testListId="8c84fa94-04c1-424b-9868-57a2d4851a1d" />
    <TestEntry testId="fe14cfe9-ee0c-2547-185d-54197b3bc90e" executionId="1c61dd97-86ff-40d4-be9f-32d9f907f0a7" testListId="8c84fa94-04c1-424b-9868-57a2d4851a1d" />
    <TestEntry testId="d22894f7-5c87-7d1e-1ef1-9c4557cd03c7" executionId="593f748e-91bd-4d65-8ad6-bc1df13232e5" testListId="8c84fa94-04c1-424b-9868-57a2d4851a1d" />
    <TestEntry testId="76a11476-ff44-3e3c-d844-1c6e8babe206" executionId="383d8c4c-aacc-4364-b295-b5018b0032d7" testListId="8c84fa94-04c1-424b-9868-57a2d4851a1d" />
    <TestEntry testId="5b0db6c0-8786-ede2-a321-08f0a8c9e644" executionId="2c0c54dd-9b05-4be8-97ff-34bf21672efd" testListId="8c84fa94-04c1-424b-9868-57a2d4851a1d" />
    <TestEntry testId="17f29363-47a7-4e50-d589-6723c51056a8" executionId="e7dab64f-3fef-411b-91f6-d7f4c27ddfdb" testListId="8c84fa94-04c1-424b-9868-57a2d4851a1d" />
    <TestEntry testId="815df7d8-b523-a88d-2d7d-ef89899599eb" executionId="f8eb0a7e-df95-4e30-a2d2-1a6d9480ece3" testListId="8c84fa94-04c1-424b-9868-57a2d4851a1d" />
    <TestEntry testId="7e3c9b3f-7a60-264c-122a-b61882268d02" executionId="c5b749a8-fe63-48a6-b37c-094c5ec5111b" testListId="8c84fa94-04c1-424b-9868-57a2d4851a1d" />
    <TestEntry testId="0b128dc2-3444-949e-ce21-2dbb67bb3ca5" executionId="9bb4cfc0-e085-46b2-a053-ebfa2e3c418a" testListId="8c84fa94-04c1-424b-9868-57a2d4851a1d" />
    <TestEntry testId="202c4571-ceb5-6d02-a2c8-a086b7fcc41a" executionId="7fd51854-bd43-4391-b226-836b5ebbc25f" testListId="8c84fa94-04c1-424b-9868-57a2d4851a1d" />
    <TestEntry testId="c46ea92c-902f-6c02-a68f-9d09a9aa93c8" executionId="ab7063bf-8543-4148-9b84-d7fc1b417b0d" testListId="8c84fa94-04c1-424b-9868-57a2d4851a1d" />
    <TestEntry testId="4b2ec7ec-e1f9-53b0-c3c3-963c5e08b2a5" executionId="15cab9ff-1cfe-4153-84fc-74c0964e1992" testListId="8c84fa94-04c1-424b-9868-57a2d4851a1d" />
    <TestEntry testId="9448ce62-a04d-242a-9042-2a4964b7fe38" executionId="573e8752-d8aa-448f-88a8-529afa1e4c3d" testListId="8c84fa94-04c1-424b-9868-57a2d4851a1d" />
    <TestEntry testId="3055b825-2345-68aa-c408-efb5aaa39b0a" executionId="f5219ead-8030-4ffd-886a-d8929013d068" testListId="8c84fa94-04c1-424b-9868-57a2d4851a1d" />
    <TestEntry testId="b2bef86c-58bc-bb77-1139-f754bc39c237" executionId="d84b716b-6a88-4a99-98d7-91728659828a" testListId="8c84fa94-04c1-424b-9868-57a2d4851a1d" />
    <TestEntry testId="df3e099f-ff2a-2592-93c4-e44abd6dc47d" executionId="f50e50b5-917f-477a-80f5-a6a1bba4ebeb" testListId="8c84fa94-04c1-424b-9868-57a2d4851a1d" />
    <TestEntry testId="a965c4b3-628b-d80c-d3ea-9e5a61a70ba6" executionId="dfd75b77-9248-4246-864e-3ff4f376933c" testListId="8c84fa94-04c1-424b-9868-57a2d4851a1d" />
    <TestEntry testId="a686cfa9-7d71-41bb-e936-534120eaaeb9" executionId="e9d9be16-59ec-4902-86aa-38a357af72af" testListId="8c84fa94-04c1-424b-9868-57a2d4851a1d" />
    <TestEntry testId="7c790599-1af2-743d-4346-13b25bcdf597" executionId="7f47f024-4853-48b3-9a51-7b6b4a845c9d" testListId="8c84fa94-04c1-424b-9868-57a2d4851a1d" />
    <TestEntry testId="dfe23dd7-51ae-5887-37df-aa21af6388ee" executionId="c5e6e31d-4a69-4940-a1cb-0bc934b351c8" testListId="8c84fa94-04c1-424b-9868-57a2d4851a1d" />
    <TestEntry testId="d1867eb4-4b72-42e4-529a-612c7fab1a72" executionId="61f55315-b302-478d-8924-fe8e1cd8731f" testListId="8c84fa94-04c1-424b-9868-57a2d4851a1d" />
    <TestEntry testId="6fdae658-0190-49b8-6dbd-2bded030bcc6" executionId="cef9fa17-947f-4174-90a5-def5a62aef9b" testListId="8c84fa94-04c1-424b-9868-57a2d4851a1d" />
    <TestEntry testId="2a18aeec-9491-b255-6110-40df77229c58" executionId="0268c1d8-8923-4051-85b0-11eb67b5e975" testListId="8c84fa94-04c1-424b-9868-57a2d4851a1d" />
    <TestEntry testId="42408dbd-1912-2cb8-ed8c-1e00f2b0deba" executionId="f455d203-5146-41c3-bc2f-c5900dc33837" testListId="8c84fa94-04c1-424b-9868-57a2d4851a1d" />
    <TestEntry testId="5d8e610d-f1da-7925-80cd-d59deeb57eff" executionId="99bd4aab-36b6-4ddb-baa1-4cec1021d4c0" testListId="8c84fa94-04c1-424b-9868-57a2d4851a1d" />
    <TestEntry testId="975456eb-56f0-51c1-105d-089378fd2732" executionId="d044042f-225e-47ae-9996-423706b44016" testListId="8c84fa94-04c1-424b-9868-57a2d4851a1d" />
    <TestEntry testId="05d34dda-3b44-10ab-593f-20096983882f" executionId="2653f39d-04b5-4649-b769-afd516e10c4d" testListId="8c84fa94-04c1-424b-9868-57a2d4851a1d" />
    <TestEntry testId="b1d833f4-10df-b710-0797-ff3da32a4a0d" executionId="9009db6e-83ae-48bc-b979-d4ff353892b9" testListId="8c84fa94-04c1-424b-9868-57a2d4851a1d" />
    <TestEntry testId="7ab1057c-0f49-36e9-d869-67a6342f285d" executionId="da930aa8-035e-4495-8cc2-1b28e51d6397" testListId="8c84fa94-04c1-424b-9868-57a2d4851a1d" />
    <TestEntry testId="2aa8e300-d38c-3e9e-af9f-4e1a0fffbd28" executionId="211e6b5f-1c6c-4e69-8bbc-bbb6a83a3317" testListId="8c84fa94-04c1-424b-9868-57a2d4851a1d" />
    <TestEntry testId="6a6ae5ce-3e02-c790-9957-8b79df0f7144" executionId="1e1d05c1-e536-464e-b7a5-b08914e66f45" testListId="8c84fa94-04c1-424b-9868-57a2d4851a1d" />
    <TestEntry testId="8f25b54d-ff3c-4895-2a9d-786cc4977ce7" executionId="a4688675-8d48-41ea-9331-c20fce28a5c9" testListId="8c84fa94-04c1-424b-9868-57a2d4851a1d" />
    <TestEntry testId="47e15ff6-46fa-520b-65f0-081b1fc5e6ed" executionId="1e2d9baf-4c70-4575-9e1f-7ab5e1f5f228" testListId="8c84fa94-04c1-424b-9868-57a2d4851a1d" />
  </TestEntries>
  <TestLists>
    <TestList name="Results Not in a List" id="8c84fa94-04c1-424b-9868-57a2d4851a1d" />
    <TestList name="All Loaded Results" id="19431567-8539-422a-85d7-44ee4e166bda" />
  </TestLists>
  <ResultSummary outcome="Completed">
    <Counters total="64" executed="64" passed="64" failed="0" error="0" timeout="0" aborted="0" inconclusive="0" passedButRunAborted="0" notRunnable="0" notExecuted="0" disconnected="0" warning="0" completed="0" inProgress="0" pending="0" />
    <Output>
      <StdOut>[xUnit.net 00:00:00.00] xUnit.net VSTest Adapter v3.1.4+50e68bbb8b (64-bit .NET 10.0.3)
[xUnit.net 00:00:00.08]   Discovering: DAoCLogWatcher.Tests
[xUnit.net 00:00:00.14]   Discovered:  DAoCLogWatcher.Tests
[xUnit.net 00:00:00.18]   Starting:    DAoCLogWatcher.Tests
     Warning:
     The component "Fluent Assertions" is governed by the rules defined in the Xceed License Agreement and
     the Xceed Fluent Assertions Community License. You may use Fluent Assertions free of charge for
     non-commercial use only. An active subscription is required to use Fluent Assertions for commercial use.
     Please contact Xceed Sales mailto:sales@xceed.com to acquire a subscription at a very low cost.
     A paid commercial license supports the development and continued increasing support of
     Fluent Assertions users under both commercial and community licenses. Help us
     keep Fluent Assertions at the forefront of unit testing.
     For more information, visit https://xceed.com/products/unit-testing/fluent-assertions/
✓ Processed 13 entries, 15100 RPs
✓ Percentages sum to 100.00%
✓ Individual RPs: 15100 = Total: 15100
[xUnit.net 00:00:25.76]   Finished:    DAoCLogWatcher.Tests
</StdOut>
    </Output>
  </ResultSummary>
</TestRun>